2024-11-06 22:13:34 | process_logger | INFO | Logger inicializado en modo global.
2024-11-06 22:14:00 | process_logger | INFO | Solicitud recibida en /api/v1/predict/
2024-11-06 22:14:00 | process_logger | INFO | Cargando el modelo...
2024-11-06 22:14:00 | process_logger | INFO | Cargando el modelo desde: models/linear_regression.pkl
2024-11-06 22:14:00 | process_logger | INFO | Ejecutando el pipeline de transformación...
2024-11-06 22:14:00 | process_logger | INFO | Ejecutando Step 1 con pipeline: pipes/pipeline_1.pkl
2024-11-06 22:14:00 | process_logger | INFO | Cargando el pipeline: /app/pipes/pipeline_1.pkl
2024-11-06 22:14:00 | process_logger | INFO | Ejecutando Step 2 con pipeline: pipes/pipeline_2.pkl
2024-11-06 22:14:00 | process_logger | INFO | Cargando el pipeline: /app/pipes/pipeline_2.pkl
2024-11-06 22:14:02 | process_logger | INFO | Ejecutando Step 3 con pipeline: pipes/pipeline_3.pkl
2024-11-06 22:14:02 | process_logger | INFO | Cargando el pipeline: /app/pipes/pipeline_3.pkl
2024-11-06 22:14:02 | process_logger | INFO | Ejecutando Step 4 con pipeline: pipes/pipeline_4.pkl
2024-11-06 22:14:02 | process_logger | INFO | Cargando el pipeline: /app/pipes/pipeline_4.pkl
2024-11-06 22:14:02 | process_logger | INFO | Ejecutando Step 5 con pipeline: pipes/pipeline_5.pkl
2024-11-06 22:14:02 | process_logger | INFO | Cargando el pipeline: /app/pipes/pipeline_5.pkl
2024-11-06 22:14:12 | process_logger | INFO | Cargando el diccionario de imputaciones...
2024-11-06 22:14:12 | process_logger | INFO | Imputando valores nulos...
2024-11-06 22:14:12 | process_logger | INFO | Valores nulos imputados.
2024-11-06 22:14:12 | process_logger | INFO | Validando columnas y tipos...
2024-11-06 22:14:12 | process_logger | INFO | Realizando la predicción...
2024-11-06 22:14:12 | process_logger | INFO | Tipo de póliza no es 4, realizando predicción...
2024-11-06 22:14:12 | process_logger | INFO | Predicción: 4.384084317938598
2024-11-06 22:14:12 | process_logger | INFO | Predicción realizada para claim_id 561205 en 12.0582s
2024-11-06 22:14:12 | process_logger | INFO | Solicitud recibida en /api/v1/predict/
2024-11-06 22:14:12 | process_logger | INFO | Cargando el modelo...
2024-11-06 22:14:12 | process_logger | INFO | Cargando el modelo desde: models/linear_regression.pkl
2024-11-06 22:14:12 | process_logger | INFO | Ejecutando el pipeline de transformación...
2024-11-06 22:14:12 | process_logger | INFO | Ejecutando Step 1 con pipeline: pipes/pipeline_1.pkl
2024-11-06 22:14:12 | process_logger | INFO | Cargando el pipeline: /app/pipes/pipeline_1.pkl
2024-11-06 22:14:12 | process_logger | INFO | Ejecutando Step 2 con pipeline: pipes/pipeline_2.pkl
2024-11-06 22:14:12 | process_logger | INFO | Cargando el pipeline: /app/pipes/pipeline_2.pkl
2024-11-06 22:14:14 | process_logger | INFO | Ejecutando Step 3 con pipeline: pipes/pipeline_3.pkl
2024-11-06 22:14:14 | process_logger | INFO | Cargando el pipeline: /app/pipes/pipeline_3.pkl
2024-11-06 22:14:14 | process_logger | INFO | Ejecutando Step 4 con pipeline: pipes/pipeline_4.pkl
2024-11-06 22:14:14 | process_logger | INFO | Cargando el pipeline: /app/pipes/pipeline_4.pkl
2024-11-06 22:14:14 | process_logger | INFO | Ejecutando Step 5 con pipeline: pipes/pipeline_5.pkl
2024-11-06 22:14:14 | process_logger | INFO | Cargando el pipeline: /app/pipes/pipeline_5.pkl
2024-11-06 22:14:24 | process_logger | INFO | Cargando el diccionario de imputaciones...
2024-11-06 22:14:24 | process_logger | INFO | Imputando valores nulos...
2024-11-06 22:14:24 | process_logger | INFO | Valores nulos imputados.
2024-11-06 22:14:24 | process_logger | INFO | Validando columnas y tipos...
2024-11-06 22:14:24 | process_logger | INFO | Realizando la predicción...
2024-11-06 22:14:24 | process_logger | INFO | Tipo de póliza no es 4, realizando predicción...
2024-11-06 22:14:24 | process_logger | INFO | Predicción: 2.949009122491966
2024-11-06 22:14:24 | process_logger | INFO | Predicción realizada para claim_id 528569 en 12.0337s
2024-11-06 22:14:24 | process_logger | INFO | Solicitud recibida en /api/v1/predict/
2024-11-06 22:14:24 | process_logger | INFO | Cargando el modelo...
2024-11-06 22:14:24 | process_logger | INFO | Cargando el modelo desde: models/linear_regression.pkl
2024-11-06 22:14:24 | process_logger | INFO | Ejecutando el pipeline de transformación...
2024-11-06 22:14:24 | process_logger | INFO | Ejecutando Step 1 con pipeline: pipes/pipeline_1.pkl
2024-11-06 22:14:24 | process_logger | INFO | Cargando el pipeline: /app/pipes/pipeline_1.pkl
2024-11-06 22:14:24 | process_logger | INFO | Ejecutando Step 2 con pipeline: pipes/pipeline_2.pkl
2024-11-06 22:14:24 | process_logger | INFO | Cargando el pipeline: /app/pipes/pipeline_2.pkl
2024-11-06 22:14:26 | process_logger | INFO | Ejecutando Step 3 con pipeline: pipes/pipeline_3.pkl
2024-11-06 22:14:26 | process_logger | INFO | Cargando el pipeline: /app/pipes/pipeline_3.pkl
2024-11-06 22:14:26 | process_logger | INFO | Ejecutando Step 4 con pipeline: pipes/pipeline_4.pkl
2024-11-06 22:14:26 | process_logger | INFO | Cargando el pipeline: /app/pipes/pipeline_4.pkl
2024-11-06 22:14:26 | process_logger | INFO | Ejecutando Step 5 con pipeline: pipes/pipeline_5.pkl
2024-11-06 22:14:26 | process_logger | INFO | Cargando el pipeline: /app/pipes/pipeline_5.pkl
2024-11-06 22:14:36 | process_logger | INFO | Cargando el diccionario de imputaciones...
2024-11-06 22:14:36 | process_logger | INFO | Imputando valores nulos...
2024-11-06 22:14:36 | process_logger | INFO | Valores nulos imputados.
2024-11-06 22:14:36 | process_logger | INFO | Validando columnas y tipos...
2024-11-06 22:14:36 | process_logger | INFO | Realizando la predicción...
2024-11-06 22:14:36 | process_logger | INFO | Tipo de póliza es 4, devolviendo predicción -1
2024-11-06 22:14:36 | process_logger | INFO | Predicción realizada para claim_id 408550 en 12.0304s
2024-11-06 22:14:36 | process_logger | INFO | Solicitud recibida en /api/v1/predict/
2024-11-06 22:14:36 | process_logger | INFO | Cargando el modelo...
2024-11-06 22:14:36 | process_logger | INFO | Cargando el modelo desde: models/linear_regression.pkl
2024-11-06 22:14:36 | process_logger | INFO | Ejecutando el pipeline de transformación...
2024-11-06 22:14:36 | process_logger | INFO | Ejecutando Step 1 con pipeline: pipes/pipeline_1.pkl
2024-11-06 22:14:36 | process_logger | INFO | Cargando el pipeline: /app/pipes/pipeline_1.pkl
2024-11-06 22:14:36 | process_logger | INFO | Ejecutando Step 2 con pipeline: pipes/pipeline_2.pkl
2024-11-06 22:14:36 | process_logger | INFO | Cargando el pipeline: /app/pipes/pipeline_2.pkl
2024-11-06 22:14:38 | process_logger | INFO | Ejecutando Step 3 con pipeline: pipes/pipeline_3.pkl
2024-11-06 22:14:38 | process_logger | INFO | Cargando el pipeline: /app/pipes/pipeline_3.pkl
2024-11-06 22:14:38 | process_logger | INFO | Ejecutando Step 4 con pipeline: pipes/pipeline_4.pkl
2024-11-06 22:14:38 | process_logger | INFO | Cargando el pipeline: /app/pipes/pipeline_4.pkl
2024-11-06 22:14:38 | process_logger | INFO | Ejecutando Step 5 con pipeline: pipes/pipeline_5.pkl
2024-11-06 22:14:38 | process_logger | INFO | Cargando el pipeline: /app/pipes/pipeline_5.pkl
2024-11-06 22:14:48 | process_logger | INFO | Cargando el diccionario de imputaciones...
2024-11-06 22:14:48 | process_logger | INFO | Imputando valores nulos...
2024-11-06 22:14:48 | process_logger | INFO | Valores nulos imputados.
2024-11-06 22:14:48 | process_logger | INFO | Validando columnas y tipos...
2024-11-06 22:14:48 | process_logger | INFO | Realizando la predicción...
2024-11-06 22:14:48 | process_logger | INFO | Tipo de póliza no es 4, realizando predicción...
2024-11-06 22:14:48 | process_logger | INFO | Predicción: 6.165575820663672
2024-11-06 22:14:48 | process_logger | INFO | Predicción realizada para claim_id 208451 en 12.0327s
2024-11-06 22:14:48 | process_logger | INFO | Solicitud recibida en /api/v1/predict/
2024-11-06 22:14:48 | process_logger | INFO | Cargando el modelo...
2024-11-06 22:14:48 | process_logger | INFO | Cargando el modelo desde: models/linear_regression.pkl
2024-11-06 22:14:48 | process_logger | INFO | Ejecutando el pipeline de transformación...
2024-11-06 22:14:48 | process_logger | INFO | Ejecutando Step 1 con pipeline: pipes/pipeline_1.pkl
2024-11-06 22:14:48 | process_logger | INFO | Cargando el pipeline: /app/pipes/pipeline_1.pkl
2024-11-06 22:14:48 | process_logger | INFO | Ejecutando Step 2 con pipeline: pipes/pipeline_2.pkl
2024-11-06 22:14:48 | process_logger | INFO | Cargando el pipeline: /app/pipes/pipeline_2.pkl
2024-11-06 22:14:50 | process_logger | INFO | Ejecutando Step 3 con pipeline: pipes/pipeline_3.pkl
2024-11-06 22:14:50 | process_logger | INFO | Cargando el pipeline: /app/pipes/pipeline_3.pkl
2024-11-06 22:14:50 | process_logger | INFO | Ejecutando Step 4 con pipeline: pipes/pipeline_4.pkl
2024-11-06 22:14:50 | process_logger | INFO | Cargando el pipeline: /app/pipes/pipeline_4.pkl
2024-11-06 22:14:50 | process_logger | INFO | Ejecutando Step 5 con pipeline: pipes/pipeline_5.pkl
2024-11-06 22:14:50 | process_logger | INFO | Cargando el pipeline: /app/pipes/pipeline_5.pkl
2024-11-06 22:15:00 | process_logger | INFO | Cargando el diccionario de imputaciones...
2024-11-06 22:15:00 | process_logger | INFO | Imputando valores nulos...
2024-11-06 22:15:00 | process_logger | INFO | Valores nulos imputados.
2024-11-06 22:15:00 | process_logger | INFO | Validando columnas y tipos...
2024-11-06 22:15:00 | process_logger | INFO | Realizando la predicción...
2024-11-06 22:15:00 | process_logger | INFO | Tipo de póliza es 4, devolviendo predicción -1
2024-11-06 22:15:00 | process_logger | INFO | Predicción realizada para claim_id 394115 en 12.0344s
2024-11-06 22:15:00 | process_logger | INFO | Solicitud recibida en /api/v1/predict/
2024-11-06 22:15:00 | process_logger | INFO | Cargando el modelo...
2024-11-06 22:15:00 | process_logger | INFO | Cargando el modelo desde: models/linear_regression.pkl
2024-11-06 22:15:00 | process_logger | INFO | Ejecutando el pipeline de transformación...
2024-11-06 22:15:00 | process_logger | INFO | Ejecutando Step 1 con pipeline: pipes/pipeline_1.pkl
2024-11-06 22:15:00 | process_logger | INFO | Cargando el pipeline: /app/pipes/pipeline_1.pkl
2024-11-06 22:15:00 | process_logger | INFO | Ejecutando Step 2 con pipeline: pipes/pipeline_2.pkl
2024-11-06 22:15:00 | process_logger | INFO | Cargando el pipeline: /app/pipes/pipeline_2.pkl
2024-11-06 22:15:02 | process_logger | INFO | Ejecutando Step 3 con pipeline: pipes/pipeline_3.pkl
2024-11-06 22:15:02 | process_logger | INFO | Cargando el pipeline: /app/pipes/pipeline_3.pkl
2024-11-06 22:15:02 | process_logger | INFO | Ejecutando Step 4 con pipeline: pipes/pipeline_4.pkl
2024-11-06 22:15:02 | process_logger | INFO | Cargando el pipeline: /app/pipes/pipeline_4.pkl
2024-11-06 22:15:02 | process_logger | INFO | Ejecutando Step 5 con pipeline: pipes/pipeline_5.pkl
2024-11-06 22:15:02 | process_logger | INFO | Cargando el pipeline: /app/pipes/pipeline_5.pkl
2024-11-06 22:15:12 | process_logger | INFO | Cargando el diccionario de imputaciones...
2024-11-06 22:15:12 | process_logger | INFO | Imputando valores nulos...
2024-11-06 22:15:12 | process_logger | INFO | Valores nulos imputados.
2024-11-06 22:15:12 | process_logger | INFO | Validando columnas y tipos...
2024-11-06 22:15:12 | process_logger | INFO | Realizando la predicción...
2024-11-06 22:15:12 | process_logger | INFO | Tipo de póliza no es 4, realizando predicción...
2024-11-06 22:15:12 | process_logger | INFO | Predicción: 6.044710152812982
2024-11-06 22:15:12 | process_logger | INFO | Predicción realizada para claim_id 243530 en 12.0319s
2024-11-06 22:15:12 | process_logger | INFO | Solicitud recibida en /api/v1/predict/
2024-11-06 22:15:12 | process_logger | INFO | Cargando el modelo...
2024-11-06 22:15:12 | process_logger | INFO | Cargando el modelo desde: models/linear_regression.pkl
2024-11-06 22:15:12 | process_logger | INFO | Ejecutando el pipeline de transformación...
2024-11-06 22:15:12 | process_logger | INFO | Ejecutando Step 1 con pipeline: pipes/pipeline_1.pkl
2024-11-06 22:15:12 | process_logger | INFO | Cargando el pipeline: /app/pipes/pipeline_1.pkl
2024-11-06 22:15:12 | process_logger | INFO | Ejecutando Step 2 con pipeline: pipes/pipeline_2.pkl
2024-11-06 22:15:12 | process_logger | INFO | Cargando el pipeline: /app/pipes/pipeline_2.pkl
2024-11-06 22:15:14 | process_logger | INFO | Ejecutando Step 3 con pipeline: pipes/pipeline_3.pkl
2024-11-06 22:15:14 | process_logger | INFO | Cargando el pipeline: /app/pipes/pipeline_3.pkl
2024-11-06 22:15:14 | process_logger | INFO | Ejecutando Step 4 con pipeline: pipes/pipeline_4.pkl
2024-11-06 22:15:14 | process_logger | INFO | Cargando el pipeline: /app/pipes/pipeline_4.pkl
2024-11-06 22:15:14 | process_logger | INFO | Ejecutando Step 5 con pipeline: pipes/pipeline_5.pkl
2024-11-06 22:15:14 | process_logger | INFO | Cargando el pipeline: /app/pipes/pipeline_5.pkl
2024-11-06 22:15:24 | process_logger | INFO | Cargando el diccionario de imputaciones...
2024-11-06 22:15:24 | process_logger | INFO | Imputando valores nulos...
2024-11-06 22:15:24 | process_logger | INFO | Valores nulos imputados.
2024-11-06 22:15:24 | process_logger | INFO | Validando columnas y tipos...
2024-11-06 22:15:24 | process_logger | INFO | Realizando la predicción...
2024-11-06 22:15:24 | process_logger | INFO | Tipo de póliza no es 4, realizando predicción...
2024-11-06 22:15:24 | process_logger | INFO | Predicción: 5.755813438598005
2024-11-06 22:15:24 | process_logger | INFO | Predicción realizada para claim_id 288203 en 12.032s
2024-11-06 22:15:24 | process_logger | INFO | Solicitud recibida en /api/v1/predict/
2024-11-06 22:15:24 | process_logger | INFO | Cargando el modelo...
2024-11-06 22:15:24 | process_logger | INFO | Cargando el modelo desde: models/linear_regression.pkl
2024-11-06 22:15:24 | process_logger | INFO | Ejecutando el pipeline de transformación...
2024-11-06 22:15:24 | process_logger | INFO | Ejecutando Step 1 con pipeline: pipes/pipeline_1.pkl
2024-11-06 22:15:24 | process_logger | INFO | Cargando el pipeline: /app/pipes/pipeline_1.pkl
2024-11-06 22:15:24 | process_logger | INFO | Ejecutando Step 2 con pipeline: pipes/pipeline_2.pkl
2024-11-06 22:15:24 | process_logger | INFO | Cargando el pipeline: /app/pipes/pipeline_2.pkl
2024-11-06 22:15:26 | process_logger | INFO | Ejecutando Step 3 con pipeline: pipes/pipeline_3.pkl
2024-11-06 22:15:26 | process_logger | INFO | Cargando el pipeline: /app/pipes/pipeline_3.pkl
2024-11-06 22:15:26 | process_logger | INFO | Ejecutando Step 4 con pipeline: pipes/pipeline_4.pkl
2024-11-06 22:15:26 | process_logger | INFO | Cargando el pipeline: /app/pipes/pipeline_4.pkl
2024-11-06 22:15:26 | process_logger | INFO | Ejecutando Step 5 con pipeline: pipes/pipeline_5.pkl
2024-11-06 22:15:26 | process_logger | INFO | Cargando el pipeline: /app/pipes/pipeline_5.pkl
2024-11-06 22:15:36 | process_logger | INFO | Cargando el diccionario de imputaciones...
2024-11-06 22:15:36 | process_logger | INFO | Imputando valores nulos...
2024-11-06 22:15:36 | process_logger | INFO | Valores nulos imputados.
2024-11-06 22:15:36 | process_logger | INFO | Validando columnas y tipos...
2024-11-06 22:15:36 | process_logger | INFO | Realizando la predicción...
2024-11-06 22:15:36 | process_logger | INFO | Tipo de póliza no es 4, realizando predicción...
2024-11-06 22:15:36 | process_logger | INFO | Predicción: 4.817652487515653
2024-11-06 22:15:36 | process_logger | INFO | Predicción realizada para claim_id 991981 en 12.0344s
2024-11-06 22:15:36 | process_logger | INFO | Solicitud recibida en /api/v1/predict/
2024-11-06 22:15:36 | process_logger | INFO | Cargando el modelo...
2024-11-06 22:15:36 | process_logger | INFO | Cargando el modelo desde: models/linear_regression.pkl
2024-11-06 22:15:36 | process_logger | INFO | Ejecutando el pipeline de transformación...
2024-11-06 22:15:36 | process_logger | INFO | Ejecutando Step 1 con pipeline: pipes/pipeline_1.pkl
2024-11-06 22:15:36 | process_logger | INFO | Cargando el pipeline: /app/pipes/pipeline_1.pkl
2024-11-06 22:15:36 | process_logger | INFO | Ejecutando Step 2 con pipeline: pipes/pipeline_2.pkl
2024-11-06 22:15:36 | process_logger | INFO | Cargando el pipeline: /app/pipes/pipeline_2.pkl
2024-11-06 22:15:38 | process_logger | INFO | Ejecutando Step 3 con pipeline: pipes/pipeline_3.pkl
2024-11-06 22:15:38 | process_logger | INFO | Cargando el pipeline: /app/pipes/pipeline_3.pkl
2024-11-06 22:15:38 | process_logger | INFO | Ejecutando Step 4 con pipeline: pipes/pipeline_4.pkl
2024-11-06 22:15:38 | process_logger | INFO | Cargando el pipeline: /app/pipes/pipeline_4.pkl
2024-11-06 22:15:38 | process_logger | INFO | Ejecutando Step 5 con pipeline: pipes/pipeline_5.pkl
2024-11-06 22:15:38 | process_logger | INFO | Cargando el pipeline: /app/pipes/pipeline_5.pkl
2024-11-06 22:15:48 | process_logger | INFO | Cargando el diccionario de imputaciones...
2024-11-06 22:15:48 | process_logger | INFO | Imputando valores nulos...
2024-11-06 22:15:48 | process_logger | INFO | Valores nulos imputados.
2024-11-06 22:15:48 | process_logger | INFO | Validando columnas y tipos...
2024-11-06 22:15:48 | process_logger | INFO | Realizando la predicción...
2024-11-06 22:15:48 | process_logger | INFO | Tipo de póliza no es 4, realizando predicción...
2024-11-06 22:15:48 | process_logger | INFO | Predicción: 4.9815699930677315
2024-11-06 22:15:48 | process_logger | INFO | Predicción realizada para claim_id 435094 en 12.0325s
2024-11-06 22:15:48 | process_logger | INFO | Solicitud recibida en /api/v1/predict/
2024-11-06 22:15:48 | process_logger | INFO | Cargando el modelo...
2024-11-06 22:15:48 | process_logger | INFO | Cargando el modelo desde: models/linear_regression.pkl
2024-11-06 22:15:48 | process_logger | INFO | Ejecutando el pipeline de transformación...
2024-11-06 22:15:48 | process_logger | INFO | Ejecutando Step 1 con pipeline: pipes/pipeline_1.pkl
2024-11-06 22:15:48 | process_logger | INFO | Cargando el pipeline: /app/pipes/pipeline_1.pkl
2024-11-06 22:15:48 | process_logger | INFO | Ejecutando Step 2 con pipeline: pipes/pipeline_2.pkl
2024-11-06 22:15:48 | process_logger | INFO | Cargando el pipeline: /app/pipes/pipeline_2.pkl
2024-11-06 22:15:50 | process_logger | INFO | Ejecutando Step 3 con pipeline: pipes/pipeline_3.pkl
2024-11-06 22:15:50 | process_logger | INFO | Cargando el pipeline: /app/pipes/pipeline_3.pkl
2024-11-06 22:15:50 | process_logger | INFO | Ejecutando Step 4 con pipeline: pipes/pipeline_4.pkl
2024-11-06 22:15:50 | process_logger | INFO | Cargando el pipeline: /app/pipes/pipeline_4.pkl
2024-11-06 22:15:50 | process_logger | INFO | Ejecutando Step 5 con pipeline: pipes/pipeline_5.pkl
2024-11-06 22:15:50 | process_logger | INFO | Cargando el pipeline: /app/pipes/pipeline_5.pkl
2024-11-06 22:16:00 | process_logger | INFO | Cargando el diccionario de imputaciones...
2024-11-06 22:16:00 | process_logger | INFO | Imputando valores nulos...
2024-11-06 22:16:00 | process_logger | INFO | Valores nulos imputados.
2024-11-06 22:16:00 | process_logger | INFO | Validando columnas y tipos...
2024-11-06 22:16:00 | process_logger | INFO | Realizando la predicción...
2024-11-06 22:16:00 | process_logger | INFO | Tipo de póliza no es 4, realizando predicción...
2024-11-06 22:16:00 | process_logger | INFO | Predicción: 3.2315036114105764
2024-11-06 22:16:00 | process_logger | INFO | Predicción realizada para claim_id 417848 en 12.034s
2024-11-06 22:16:17 | process_logger | INFO | Solicitud recibida en /api/v1/predict/
2024-11-06 22:16:17 | process_logger | INFO | Cargando el modelo...
2024-11-06 22:16:17 | process_logger | INFO | Cargando el modelo desde: models/linear_regression.pkl
2024-11-06 22:16:17 | process_logger | INFO | Ejecutando el pipeline de transformación...
2024-11-06 22:16:17 | process_logger | INFO | Ejecutando Step 1 con pipeline: pipes/pipeline_1.pkl
2024-11-06 22:16:17 | process_logger | INFO | Cargando el pipeline: /app/pipes/pipeline_1.pkl
2024-11-06 22:16:17 | process_logger | INFO | Ejecutando Step 2 con pipeline: pipes/pipeline_2.pkl
2024-11-06 22:16:17 | process_logger | INFO | Cargando el pipeline: /app/pipes/pipeline_2.pkl
2024-11-06 22:16:19 | process_logger | INFO | Ejecutando Step 3 con pipeline: pipes/pipeline_3.pkl
2024-11-06 22:16:19 | process_logger | INFO | Cargando el pipeline: /app/pipes/pipeline_3.pkl
2024-11-06 22:16:19 | process_logger | INFO | Ejecutando Step 4 con pipeline: pipes/pipeline_4.pkl
2024-11-06 22:16:19 | process_logger | INFO | Cargando el pipeline: /app/pipes/pipeline_4.pkl
2024-11-06 22:16:19 | process_logger | INFO | Ejecutando Step 5 con pipeline: pipes/pipeline_5.pkl
2024-11-06 22:16:19 | process_logger | INFO | Cargando el pipeline: /app/pipes/pipeline_5.pkl
2024-11-06 22:16:29 | process_logger | INFO | Cargando el diccionario de imputaciones...
2024-11-06 22:16:29 | process_logger | INFO | Imputando valores nulos...
2024-11-06 22:16:29 | process_logger | INFO | Valores nulos imputados.
2024-11-06 22:16:29 | process_logger | INFO | Validando columnas y tipos...
2024-11-06 22:16:29 | process_logger | INFO | Realizando la predicción...
2024-11-06 22:16:29 | process_logger | INFO | Tipo de póliza no es 4, realizando predicción...
2024-11-06 22:16:29 | process_logger | INFO | Predicción: 4.384084317938598
2024-11-06 22:16:29 | process_logger | INFO | Predicción realizada para claim_id 561205 en 12.0298s
2024-11-06 22:16:29 | process_logger | INFO | Solicitud recibida en /api/v1/predict/
2024-11-06 22:16:29 | process_logger | INFO | Cargando el modelo...
2024-11-06 22:16:29 | process_logger | INFO | Cargando el modelo desde: models/linear_regression.pkl
2024-11-06 22:16:29 | process_logger | INFO | Ejecutando el pipeline de transformación...
2024-11-06 22:16:29 | process_logger | INFO | Ejecutando Step 1 con pipeline: pipes/pipeline_1.pkl
2024-11-06 22:16:29 | process_logger | INFO | Cargando el pipeline: /app/pipes/pipeline_1.pkl
2024-11-06 22:16:29 | process_logger | INFO | Ejecutando Step 2 con pipeline: pipes/pipeline_2.pkl
2024-11-06 22:16:29 | process_logger | INFO | Cargando el pipeline: /app/pipes/pipeline_2.pkl
2024-11-06 22:16:31 | process_logger | INFO | Ejecutando Step 3 con pipeline: pipes/pipeline_3.pkl
2024-11-06 22:16:31 | process_logger | INFO | Cargando el pipeline: /app/pipes/pipeline_3.pkl
2024-11-06 22:16:31 | process_logger | INFO | Ejecutando Step 4 con pipeline: pipes/pipeline_4.pkl
2024-11-06 22:16:31 | process_logger | INFO | Cargando el pipeline: /app/pipes/pipeline_4.pkl
2024-11-06 22:16:31 | process_logger | INFO | Ejecutando Step 5 con pipeline: pipes/pipeline_5.pkl
2024-11-06 22:16:31 | process_logger | INFO | Cargando el pipeline: /app/pipes/pipeline_5.pkl
2024-11-06 22:16:41 | process_logger | INFO | Cargando el diccionario de imputaciones...
2024-11-06 22:16:41 | process_logger | INFO | Imputando valores nulos...
2024-11-06 22:16:41 | process_logger | INFO | Valores nulos imputados.
2024-11-06 22:16:41 | process_logger | INFO | Validando columnas y tipos...
2024-11-06 22:16:41 | process_logger | INFO | Realizando la predicción...
2024-11-06 22:16:41 | process_logger | INFO | Tipo de póliza no es 4, realizando predicción...
2024-11-06 22:16:41 | process_logger | INFO | Predicción: 2.949009122491966
2024-11-06 22:16:41 | process_logger | INFO | Predicción realizada para claim_id 528569 en 12.0323s
2024-11-06 22:16:41 | process_logger | INFO | Solicitud recibida en /api/v1/predict/
2024-11-06 22:16:41 | process_logger | INFO | Cargando el modelo...
2024-11-06 22:16:41 | process_logger | INFO | Cargando el modelo desde: models/linear_regression.pkl
2024-11-06 22:16:41 | process_logger | INFO | Ejecutando el pipeline de transformación...
2024-11-06 22:16:41 | process_logger | INFO | Ejecutando Step 1 con pipeline: pipes/pipeline_1.pkl
2024-11-06 22:16:41 | process_logger | INFO | Cargando el pipeline: /app/pipes/pipeline_1.pkl
2024-11-06 22:16:41 | process_logger | INFO | Ejecutando Step 2 con pipeline: pipes/pipeline_2.pkl
2024-11-06 22:16:41 | process_logger | INFO | Cargando el pipeline: /app/pipes/pipeline_2.pkl
2024-11-06 22:16:43 | process_logger | INFO | Ejecutando Step 3 con pipeline: pipes/pipeline_3.pkl
2024-11-06 22:16:43 | process_logger | INFO | Cargando el pipeline: /app/pipes/pipeline_3.pkl
2024-11-06 22:16:43 | process_logger | INFO | Ejecutando Step 4 con pipeline: pipes/pipeline_4.pkl
2024-11-06 22:16:43 | process_logger | INFO | Cargando el pipeline: /app/pipes/pipeline_4.pkl
2024-11-06 22:16:43 | process_logger | INFO | Ejecutando Step 5 con pipeline: pipes/pipeline_5.pkl
2024-11-06 22:16:43 | process_logger | INFO | Cargando el pipeline: /app/pipes/pipeline_5.pkl
2024-11-06 22:16:53 | process_logger | INFO | Cargando el diccionario de imputaciones...
2024-11-06 22:16:53 | process_logger | INFO | Imputando valores nulos...
2024-11-06 22:16:53 | process_logger | INFO | Valores nulos imputados.
2024-11-06 22:16:53 | process_logger | INFO | Validando columnas y tipos...
2024-11-06 22:16:53 | process_logger | INFO | Realizando la predicción...
2024-11-06 22:16:53 | process_logger | INFO | Tipo de póliza es 4, devolviendo predicción -1
2024-11-06 22:16:53 | process_logger | INFO | Predicción realizada para claim_id 408550 en 12.0393s
2024-11-06 22:16:53 | process_logger | INFO | Solicitud recibida en /api/v1/predict/
2024-11-06 22:16:53 | process_logger | INFO | Cargando el modelo...
2024-11-06 22:16:53 | process_logger | INFO | Cargando el modelo desde: models/linear_regression.pkl
2024-11-06 22:16:53 | process_logger | INFO | Ejecutando el pipeline de transformación...
2024-11-06 22:16:53 | process_logger | INFO | Ejecutando Step 1 con pipeline: pipes/pipeline_1.pkl
2024-11-06 22:16:53 | process_logger | INFO | Cargando el pipeline: /app/pipes/pipeline_1.pkl
2024-11-06 22:16:53 | process_logger | INFO | Ejecutando Step 2 con pipeline: pipes/pipeline_2.pkl
2024-11-06 22:16:53 | process_logger | INFO | Cargando el pipeline: /app/pipes/pipeline_2.pkl
2024-11-06 22:16:55 | process_logger | INFO | Ejecutando Step 3 con pipeline: pipes/pipeline_3.pkl
2024-11-06 22:16:55 | process_logger | INFO | Cargando el pipeline: /app/pipes/pipeline_3.pkl
2024-11-06 22:16:55 | process_logger | INFO | Ejecutando Step 4 con pipeline: pipes/pipeline_4.pkl
2024-11-06 22:16:55 | process_logger | INFO | Cargando el pipeline: /app/pipes/pipeline_4.pkl
2024-11-06 22:16:55 | process_logger | INFO | Ejecutando Step 5 con pipeline: pipes/pipeline_5.pkl
2024-11-06 22:16:55 | process_logger | INFO | Cargando el pipeline: /app/pipes/pipeline_5.pkl
2024-11-06 22:17:05 | process_logger | INFO | Cargando el diccionario de imputaciones...
2024-11-06 22:17:05 | process_logger | INFO | Imputando valores nulos...
2024-11-06 22:17:05 | process_logger | INFO | Valores nulos imputados.
2024-11-06 22:17:05 | process_logger | INFO | Validando columnas y tipos...
2024-11-06 22:17:05 | process_logger | INFO | Realizando la predicción...
2024-11-06 22:17:05 | process_logger | INFO | Tipo de póliza no es 4, realizando predicción...
2024-11-06 22:17:05 | process_logger | INFO | Predicción: 6.165575820663672
2024-11-06 22:17:05 | process_logger | INFO | Predicción realizada para claim_id 208451 en 12.0358s
2024-11-06 22:17:05 | process_logger | INFO | Solicitud recibida en /api/v1/predict/
2024-11-06 22:17:05 | process_logger | INFO | Cargando el modelo...
2024-11-06 22:17:05 | process_logger | INFO | Cargando el modelo desde: models/linear_regression.pkl
2024-11-06 22:17:05 | process_logger | INFO | Ejecutando el pipeline de transformación...
2024-11-06 22:17:05 | process_logger | INFO | Ejecutando Step 1 con pipeline: pipes/pipeline_1.pkl
2024-11-06 22:17:05 | process_logger | INFO | Cargando el pipeline: /app/pipes/pipeline_1.pkl
2024-11-06 22:17:05 | process_logger | INFO | Ejecutando Step 2 con pipeline: pipes/pipeline_2.pkl
2024-11-06 22:17:05 | process_logger | INFO | Cargando el pipeline: /app/pipes/pipeline_2.pkl
2024-11-06 22:17:07 | process_logger | INFO | Ejecutando Step 3 con pipeline: pipes/pipeline_3.pkl
2024-11-06 22:17:07 | process_logger | INFO | Cargando el pipeline: /app/pipes/pipeline_3.pkl
2024-11-06 22:17:07 | process_logger | INFO | Ejecutando Step 4 con pipeline: pipes/pipeline_4.pkl
2024-11-06 22:17:07 | process_logger | INFO | Cargando el pipeline: /app/pipes/pipeline_4.pkl
2024-11-06 22:17:07 | process_logger | INFO | Ejecutando Step 5 con pipeline: pipes/pipeline_5.pkl
2024-11-06 22:17:07 | process_logger | INFO | Cargando el pipeline: /app/pipes/pipeline_5.pkl
2024-11-06 22:17:17 | process_logger | INFO | Cargando el diccionario de imputaciones...
2024-11-06 22:17:17 | process_logger | INFO | Imputando valores nulos...
2024-11-06 22:17:17 | process_logger | INFO | Valores nulos imputados.
2024-11-06 22:17:17 | process_logger | INFO | Validando columnas y tipos...
2024-11-06 22:17:17 | process_logger | INFO | Realizando la predicción...
2024-11-06 22:17:17 | process_logger | INFO | Tipo de póliza es 4, devolviendo predicción -1
2024-11-06 22:17:17 | process_logger | INFO | Predicción realizada para claim_id 394115 en 12.0346s
2024-11-06 22:17:17 | process_logger | INFO | Solicitud recibida en /api/v1/predict/
2024-11-06 22:17:17 | process_logger | INFO | Cargando el modelo...
2024-11-06 22:17:17 | process_logger | INFO | Cargando el modelo desde: models/linear_regression.pkl
2024-11-06 22:17:17 | process_logger | INFO | Ejecutando el pipeline de transformación...
2024-11-06 22:17:17 | process_logger | INFO | Ejecutando Step 1 con pipeline: pipes/pipeline_1.pkl
2024-11-06 22:17:17 | process_logger | INFO | Cargando el pipeline: /app/pipes/pipeline_1.pkl
2024-11-06 22:17:17 | process_logger | INFO | Ejecutando Step 2 con pipeline: pipes/pipeline_2.pkl
2024-11-06 22:17:17 | process_logger | INFO | Cargando el pipeline: /app/pipes/pipeline_2.pkl
2024-11-06 22:17:19 | process_logger | INFO | Ejecutando Step 3 con pipeline: pipes/pipeline_3.pkl
2024-11-06 22:17:19 | process_logger | INFO | Cargando el pipeline: /app/pipes/pipeline_3.pkl
2024-11-06 22:17:19 | process_logger | INFO | Ejecutando Step 4 con pipeline: pipes/pipeline_4.pkl
2024-11-06 22:17:19 | process_logger | INFO | Cargando el pipeline: /app/pipes/pipeline_4.pkl
2024-11-06 22:17:19 | process_logger | INFO | Ejecutando Step 5 con pipeline: pipes/pipeline_5.pkl
2024-11-06 22:17:19 | process_logger | INFO | Cargando el pipeline: /app/pipes/pipeline_5.pkl
2024-11-06 22:17:29 | process_logger | INFO | Cargando el diccionario de imputaciones...
2024-11-06 22:17:29 | process_logger | INFO | Imputando valores nulos...
2024-11-06 22:17:29 | process_logger | INFO | Valores nulos imputados.
2024-11-06 22:17:29 | process_logger | INFO | Validando columnas y tipos...
2024-11-06 22:17:29 | process_logger | INFO | Realizando la predicción...
2024-11-06 22:17:29 | process_logger | INFO | Tipo de póliza no es 4, realizando predicción...
2024-11-06 22:17:29 | process_logger | INFO | Predicción: 6.044710152812982
2024-11-06 22:17:29 | process_logger | INFO | Predicción realizada para claim_id 243530 en 12.0363s
2024-11-06 22:17:29 | process_logger | INFO | Solicitud recibida en /api/v1/predict/
2024-11-06 22:17:29 | process_logger | INFO | Cargando el modelo...
2024-11-06 22:17:29 | process_logger | INFO | Cargando el modelo desde: models/linear_regression.pkl
2024-11-06 22:17:29 | process_logger | INFO | Ejecutando el pipeline de transformación...
2024-11-06 22:17:29 | process_logger | INFO | Ejecutando Step 1 con pipeline: pipes/pipeline_1.pkl
2024-11-06 22:17:29 | process_logger | INFO | Cargando el pipeline: /app/pipes/pipeline_1.pkl
2024-11-06 22:17:29 | process_logger | INFO | Ejecutando Step 2 con pipeline: pipes/pipeline_2.pkl
2024-11-06 22:17:29 | process_logger | INFO | Cargando el pipeline: /app/pipes/pipeline_2.pkl
2024-11-06 22:17:31 | process_logger | INFO | Ejecutando Step 3 con pipeline: pipes/pipeline_3.pkl
2024-11-06 22:17:31 | process_logger | INFO | Cargando el pipeline: /app/pipes/pipeline_3.pkl
2024-11-06 22:17:31 | process_logger | INFO | Ejecutando Step 4 con pipeline: pipes/pipeline_4.pkl
2024-11-06 22:17:31 | process_logger | INFO | Cargando el pipeline: /app/pipes/pipeline_4.pkl
2024-11-06 22:17:31 | process_logger | INFO | Ejecutando Step 5 con pipeline: pipes/pipeline_5.pkl
2024-11-06 22:17:31 | process_logger | INFO | Cargando el pipeline: /app/pipes/pipeline_5.pkl
2024-11-06 22:17:41 | process_logger | INFO | Cargando el diccionario de imputaciones...
2024-11-06 22:17:41 | process_logger | INFO | Imputando valores nulos...
2024-11-06 22:17:41 | process_logger | INFO | Valores nulos imputados.
2024-11-06 22:17:41 | process_logger | INFO | Validando columnas y tipos...
2024-11-06 22:17:41 | process_logger | INFO | Realizando la predicción...
2024-11-06 22:17:41 | process_logger | INFO | Tipo de póliza no es 4, realizando predicción...
2024-11-06 22:17:41 | process_logger | INFO | Predicción: 5.755813438598005
2024-11-06 22:17:41 | process_logger | INFO | Predicción realizada para claim_id 288203 en 12.0311s
2024-11-06 22:17:41 | process_logger | INFO | Solicitud recibida en /api/v1/predict/
2024-11-06 22:17:41 | process_logger | INFO | Cargando el modelo...
2024-11-06 22:17:41 | process_logger | INFO | Cargando el modelo desde: models/linear_regression.pkl
2024-11-06 22:17:41 | process_logger | INFO | Ejecutando el pipeline de transformación...
2024-11-06 22:17:41 | process_logger | INFO | Ejecutando Step 1 con pipeline: pipes/pipeline_1.pkl
2024-11-06 22:17:41 | process_logger | INFO | Cargando el pipeline: /app/pipes/pipeline_1.pkl
2024-11-06 22:17:41 | process_logger | INFO | Ejecutando Step 2 con pipeline: pipes/pipeline_2.pkl
2024-11-06 22:17:41 | process_logger | INFO | Cargando el pipeline: /app/pipes/pipeline_2.pkl
2024-11-06 22:17:43 | process_logger | INFO | Ejecutando Step 3 con pipeline: pipes/pipeline_3.pkl
2024-11-06 22:17:43 | process_logger | INFO | Cargando el pipeline: /app/pipes/pipeline_3.pkl
2024-11-06 22:17:43 | process_logger | INFO | Ejecutando Step 4 con pipeline: pipes/pipeline_4.pkl
2024-11-06 22:17:43 | process_logger | INFO | Cargando el pipeline: /app/pipes/pipeline_4.pkl
2024-11-06 22:17:43 | process_logger | INFO | Ejecutando Step 5 con pipeline: pipes/pipeline_5.pkl
2024-11-06 22:17:43 | process_logger | INFO | Cargando el pipeline: /app/pipes/pipeline_5.pkl
2024-11-06 22:17:53 | process_logger | INFO | Cargando el diccionario de imputaciones...
2024-11-06 22:17:53 | process_logger | INFO | Imputando valores nulos...
2024-11-06 22:17:53 | process_logger | INFO | Valores nulos imputados.
2024-11-06 22:17:53 | process_logger | INFO | Validando columnas y tipos...
2024-11-06 22:17:53 | process_logger | INFO | Realizando la predicción...
2024-11-06 22:17:53 | process_logger | INFO | Tipo de póliza no es 4, realizando predicción...
2024-11-06 22:17:53 | process_logger | INFO | Predicción: 4.817652487515653
2024-11-06 22:17:53 | process_logger | INFO | Predicción realizada para claim_id 991981 en 12.0369s
2024-11-06 22:17:53 | process_logger | INFO | Solicitud recibida en /api/v1/predict/
2024-11-06 22:17:53 | process_logger | INFO | Cargando el modelo...
2024-11-06 22:17:53 | process_logger | INFO | Cargando el modelo desde: models/linear_regression.pkl
2024-11-06 22:17:53 | process_logger | INFO | Ejecutando el pipeline de transformación...
2024-11-06 22:17:53 | process_logger | INFO | Ejecutando Step 1 con pipeline: pipes/pipeline_1.pkl
2024-11-06 22:17:53 | process_logger | INFO | Cargando el pipeline: /app/pipes/pipeline_1.pkl
2024-11-06 22:17:53 | process_logger | INFO | Ejecutando Step 2 con pipeline: pipes/pipeline_2.pkl
2024-11-06 22:17:53 | process_logger | INFO | Cargando el pipeline: /app/pipes/pipeline_2.pkl
2024-11-06 22:17:55 | process_logger | INFO | Ejecutando Step 3 con pipeline: pipes/pipeline_3.pkl
2024-11-06 22:17:55 | process_logger | INFO | Cargando el pipeline: /app/pipes/pipeline_3.pkl
2024-11-06 22:17:55 | process_logger | INFO | Ejecutando Step 4 con pipeline: pipes/pipeline_4.pkl
2024-11-06 22:17:55 | process_logger | INFO | Cargando el pipeline: /app/pipes/pipeline_4.pkl
2024-11-06 22:17:55 | process_logger | INFO | Ejecutando Step 5 con pipeline: pipes/pipeline_5.pkl
2024-11-06 22:17:55 | process_logger | INFO | Cargando el pipeline: /app/pipes/pipeline_5.pkl
2024-11-06 22:18:05 | process_logger | INFO | Cargando el diccionario de imputaciones...
2024-11-06 22:18:05 | process_logger | INFO | Imputando valores nulos...
2024-11-06 22:18:05 | process_logger | INFO | Valores nulos imputados.
2024-11-06 22:18:05 | process_logger | INFO | Validando columnas y tipos...
2024-11-06 22:18:05 | process_logger | INFO | Realizando la predicción...
2024-11-06 22:18:05 | process_logger | INFO | Tipo de póliza no es 4, realizando predicción...
2024-11-06 22:18:05 | process_logger | INFO | Predicción: 4.9815699930677315
2024-11-06 22:18:05 | process_logger | INFO | Predicción realizada para claim_id 435094 en 12.0356s
2024-11-06 22:18:05 | process_logger | INFO | Solicitud recibida en /api/v1/predict/
2024-11-06 22:18:05 | process_logger | INFO | Cargando el modelo...
2024-11-06 22:18:05 | process_logger | INFO | Cargando el modelo desde: models/linear_regression.pkl
2024-11-06 22:18:05 | process_logger | INFO | Ejecutando el pipeline de transformación...
2024-11-06 22:18:05 | process_logger | INFO | Ejecutando Step 1 con pipeline: pipes/pipeline_1.pkl
2024-11-06 22:18:05 | process_logger | INFO | Cargando el pipeline: /app/pipes/pipeline_1.pkl
2024-11-06 22:18:05 | process_logger | INFO | Ejecutando Step 2 con pipeline: pipes/pipeline_2.pkl
2024-11-06 22:18:05 | process_logger | INFO | Cargando el pipeline: /app/pipes/pipeline_2.pkl
2024-11-06 22:18:07 | process_logger | INFO | Ejecutando Step 3 con pipeline: pipes/pipeline_3.pkl
2024-11-06 22:18:07 | process_logger | INFO | Cargando el pipeline: /app/pipes/pipeline_3.pkl
2024-11-06 22:18:07 | process_logger | INFO | Ejecutando Step 4 con pipeline: pipes/pipeline_4.pkl
2024-11-06 22:18:07 | process_logger | INFO | Cargando el pipeline: /app/pipes/pipeline_4.pkl
2024-11-06 22:18:07 | process_logger | INFO | Ejecutando Step 5 con pipeline: pipes/pipeline_5.pkl
2024-11-06 22:18:07 | process_logger | INFO | Cargando el pipeline: /app/pipes/pipeline_5.pkl
2024-11-06 22:18:17 | process_logger | INFO | Cargando el diccionario de imputaciones...
2024-11-06 22:18:17 | process_logger | INFO | Imputando valores nulos...
2024-11-06 22:18:17 | process_logger | INFO | Valores nulos imputados.
2024-11-06 22:18:17 | process_logger | INFO | Validando columnas y tipos...
2024-11-06 22:18:17 | process_logger | INFO | Realizando la predicción...
2024-11-06 22:18:17 | process_logger | INFO | Tipo de póliza no es 4, realizando predicción...
2024-11-06 22:18:17 | process_logger | INFO | Predicción: 3.2315036114105764
2024-11-06 22:18:17 | process_logger | INFO | Predicción realizada para claim_id 417848 en 12.0315s
2024-11-06 22:18:36 | process_logger | INFO | Solicitud recibida en /api/v1/predict/
2024-11-06 22:18:36 | process_logger | INFO | Cargando el modelo...
2024-11-06 22:18:36 | process_logger | INFO | Cargando el modelo desde: models/linear_regression.pkl
2024-11-06 22:18:36 | process_logger | INFO | Ejecutando el pipeline de transformación...
2024-11-06 22:18:36 | process_logger | INFO | Ejecutando Step 1 con pipeline: pipes/pipeline_1.pkl
2024-11-06 22:18:36 | process_logger | INFO | Cargando el pipeline: /app/pipes/pipeline_1.pkl
2024-11-06 22:18:36 | process_logger | INFO | Ejecutando Step 2 con pipeline: pipes/pipeline_2.pkl
2024-11-06 22:18:36 | process_logger | INFO | Cargando el pipeline: /app/pipes/pipeline_2.pkl
2024-11-06 22:18:38 | process_logger | INFO | Ejecutando Step 3 con pipeline: pipes/pipeline_3.pkl
2024-11-06 22:18:38 | process_logger | INFO | Cargando el pipeline: /app/pipes/pipeline_3.pkl
2024-11-06 22:18:38 | process_logger | INFO | Ejecutando Step 4 con pipeline: pipes/pipeline_4.pkl
2024-11-06 22:18:38 | process_logger | INFO | Cargando el pipeline: /app/pipes/pipeline_4.pkl
2024-11-06 22:18:38 | process_logger | INFO | Ejecutando Step 5 con pipeline: pipes/pipeline_5.pkl
2024-11-06 22:18:38 | process_logger | INFO | Cargando el pipeline: /app/pipes/pipeline_5.pkl
2024-11-06 22:18:48 | process_logger | INFO | Cargando el diccionario de imputaciones...
2024-11-06 22:18:48 | process_logger | INFO | Imputando valores nulos...
2024-11-06 22:18:48 | process_logger | INFO | Valores nulos imputados.
2024-11-06 22:18:48 | process_logger | INFO | Validando columnas y tipos...
2024-11-06 22:18:48 | process_logger | INFO | Realizando la predicción...
2024-11-06 22:18:48 | process_logger | INFO | Tipo de póliza no es 4, realizando predicción...
2024-11-06 22:18:48 | process_logger | INFO | Predicción: 4.384084317938598
2024-11-06 22:18:48 | process_logger | INFO | Predicción realizada para claim_id 561205 en 12.0342s
2024-11-06 22:18:48 | process_logger | INFO | Solicitud recibida en /api/v1/predict/
2024-11-06 22:18:48 | process_logger | INFO | Cargando el modelo...
2024-11-06 22:18:48 | process_logger | INFO | Cargando el modelo desde: models/linear_regression.pkl
2024-11-06 22:18:48 | process_logger | INFO | Ejecutando el pipeline de transformación...
2024-11-06 22:18:48 | process_logger | INFO | Ejecutando Step 1 con pipeline: pipes/pipeline_1.pkl
2024-11-06 22:18:48 | process_logger | INFO | Cargando el pipeline: /app/pipes/pipeline_1.pkl
2024-11-06 22:18:48 | process_logger | INFO | Ejecutando Step 2 con pipeline: pipes/pipeline_2.pkl
2024-11-06 22:18:48 | process_logger | INFO | Cargando el pipeline: /app/pipes/pipeline_2.pkl
2024-11-06 22:18:50 | process_logger | INFO | Ejecutando Step 3 con pipeline: pipes/pipeline_3.pkl
2024-11-06 22:18:50 | process_logger | INFO | Cargando el pipeline: /app/pipes/pipeline_3.pkl
2024-11-06 22:18:50 | process_logger | INFO | Ejecutando Step 4 con pipeline: pipes/pipeline_4.pkl
2024-11-06 22:18:50 | process_logger | INFO | Cargando el pipeline: /app/pipes/pipeline_4.pkl
2024-11-06 22:18:50 | process_logger | INFO | Ejecutando Step 5 con pipeline: pipes/pipeline_5.pkl
2024-11-06 22:18:50 | process_logger | INFO | Cargando el pipeline: /app/pipes/pipeline_5.pkl
2024-11-06 22:19:00 | process_logger | INFO | Cargando el diccionario de imputaciones...
2024-11-06 22:19:00 | process_logger | INFO | Imputando valores nulos...
2024-11-06 22:19:00 | process_logger | INFO | Valores nulos imputados.
2024-11-06 22:19:00 | process_logger | INFO | Validando columnas y tipos...
2024-11-06 22:19:00 | process_logger | INFO | Realizando la predicción...
2024-11-06 22:19:00 | process_logger | INFO | Tipo de póliza no es 4, realizando predicción...
2024-11-06 22:19:00 | process_logger | INFO | Predicción: 2.949009122491966
2024-11-06 22:19:00 | process_logger | INFO | Predicción realizada para claim_id 528569 en 12.0338s
2024-11-06 22:19:00 | process_logger | INFO | Solicitud recibida en /api/v1/predict/
2024-11-06 22:19:00 | process_logger | INFO | Cargando el modelo...
2024-11-06 22:19:00 | process_logger | INFO | Cargando el modelo desde: models/linear_regression.pkl
2024-11-06 22:19:00 | process_logger | INFO | Ejecutando el pipeline de transformación...
2024-11-06 22:19:00 | process_logger | INFO | Ejecutando Step 1 con pipeline: pipes/pipeline_1.pkl
2024-11-06 22:19:00 | process_logger | INFO | Cargando el pipeline: /app/pipes/pipeline_1.pkl
2024-11-06 22:19:00 | process_logger | INFO | Ejecutando Step 2 con pipeline: pipes/pipeline_2.pkl
2024-11-06 22:19:00 | process_logger | INFO | Cargando el pipeline: /app/pipes/pipeline_2.pkl
2024-11-06 22:19:02 | process_logger | INFO | Ejecutando Step 3 con pipeline: pipes/pipeline_3.pkl
2024-11-06 22:19:02 | process_logger | INFO | Cargando el pipeline: /app/pipes/pipeline_3.pkl
2024-11-06 22:19:02 | process_logger | INFO | Ejecutando Step 4 con pipeline: pipes/pipeline_4.pkl
2024-11-06 22:19:02 | process_logger | INFO | Cargando el pipeline: /app/pipes/pipeline_4.pkl
2024-11-06 22:19:02 | process_logger | INFO | Ejecutando Step 5 con pipeline: pipes/pipeline_5.pkl
2024-11-06 22:19:02 | process_logger | INFO | Cargando el pipeline: /app/pipes/pipeline_5.pkl
2024-11-06 22:19:12 | process_logger | INFO | Cargando el diccionario de imputaciones...
2024-11-06 22:19:12 | process_logger | INFO | Imputando valores nulos...
2024-11-06 22:19:12 | process_logger | INFO | Valores nulos imputados.
2024-11-06 22:19:12 | process_logger | INFO | Validando columnas y tipos...
2024-11-06 22:19:12 | process_logger | INFO | Realizando la predicción...
2024-11-06 22:19:12 | process_logger | INFO | Tipo de póliza es 4, devolviendo predicción -1
2024-11-06 22:19:12 | process_logger | INFO | Predicción realizada para claim_id 408550 en 12.027s
2024-11-06 22:19:12 | process_logger | INFO | Solicitud recibida en /api/v1/predict/
2024-11-06 22:19:12 | process_logger | INFO | Cargando el modelo...
2024-11-06 22:19:12 | process_logger | INFO | Cargando el modelo desde: models/linear_regression.pkl
2024-11-06 22:19:12 | process_logger | INFO | Ejecutando el pipeline de transformación...
2024-11-06 22:19:12 | process_logger | INFO | Ejecutando Step 1 con pipeline: pipes/pipeline_1.pkl
2024-11-06 22:19:12 | process_logger | INFO | Cargando el pipeline: /app/pipes/pipeline_1.pkl
2024-11-06 22:19:12 | process_logger | INFO | Ejecutando Step 2 con pipeline: pipes/pipeline_2.pkl
2024-11-06 22:19:12 | process_logger | INFO | Cargando el pipeline: /app/pipes/pipeline_2.pkl
2024-11-06 22:19:14 | process_logger | INFO | Ejecutando Step 3 con pipeline: pipes/pipeline_3.pkl
2024-11-06 22:19:14 | process_logger | INFO | Cargando el pipeline: /app/pipes/pipeline_3.pkl
2024-11-06 22:19:14 | process_logger | INFO | Ejecutando Step 4 con pipeline: pipes/pipeline_4.pkl
2024-11-06 22:19:14 | process_logger | INFO | Cargando el pipeline: /app/pipes/pipeline_4.pkl
2024-11-06 22:19:14 | process_logger | INFO | Ejecutando Step 5 con pipeline: pipes/pipeline_5.pkl
2024-11-06 22:19:14 | process_logger | INFO | Cargando el pipeline: /app/pipes/pipeline_5.pkl
2024-11-06 22:19:24 | process_logger | INFO | Cargando el diccionario de imputaciones...
2024-11-06 22:19:24 | process_logger | INFO | Imputando valores nulos...
2024-11-06 22:19:24 | process_logger | INFO | Valores nulos imputados.
2024-11-06 22:19:24 | process_logger | INFO | Validando columnas y tipos...
2024-11-06 22:19:24 | process_logger | INFO | Realizando la predicción...
2024-11-06 22:19:24 | process_logger | INFO | Tipo de póliza no es 4, realizando predicción...
2024-11-06 22:19:24 | process_logger | INFO | Predicción: 6.165575820663672
2024-11-06 22:19:24 | process_logger | INFO | Predicción realizada para claim_id 208451 en 12.0379s
2024-11-06 22:19:24 | process_logger | INFO | Solicitud recibida en /api/v1/predict/
2024-11-06 22:19:24 | process_logger | INFO | Cargando el modelo...
2024-11-06 22:19:24 | process_logger | INFO | Cargando el modelo desde: models/linear_regression.pkl
2024-11-06 22:19:24 | process_logger | INFO | Ejecutando el pipeline de transformación...
2024-11-06 22:19:24 | process_logger | INFO | Ejecutando Step 1 con pipeline: pipes/pipeline_1.pkl
2024-11-06 22:19:24 | process_logger | INFO | Cargando el pipeline: /app/pipes/pipeline_1.pkl
2024-11-06 22:19:24 | process_logger | INFO | Ejecutando Step 2 con pipeline: pipes/pipeline_2.pkl
2024-11-06 22:19:24 | process_logger | INFO | Cargando el pipeline: /app/pipes/pipeline_2.pkl
2024-11-06 22:19:26 | process_logger | INFO | Ejecutando Step 3 con pipeline: pipes/pipeline_3.pkl
2024-11-06 22:19:26 | process_logger | INFO | Cargando el pipeline: /app/pipes/pipeline_3.pkl
2024-11-06 22:19:26 | process_logger | INFO | Ejecutando Step 4 con pipeline: pipes/pipeline_4.pkl
2024-11-06 22:19:26 | process_logger | INFO | Cargando el pipeline: /app/pipes/pipeline_4.pkl
2024-11-06 22:19:26 | process_logger | INFO | Ejecutando Step 5 con pipeline: pipes/pipeline_5.pkl
2024-11-06 22:19:26 | process_logger | INFO | Cargando el pipeline: /app/pipes/pipeline_5.pkl
2024-11-06 22:19:36 | process_logger | INFO | Cargando el diccionario de imputaciones...
2024-11-06 22:19:36 | process_logger | INFO | Imputando valores nulos...
2024-11-06 22:19:36 | process_logger | INFO | Valores nulos imputados.
2024-11-06 22:19:36 | process_logger | INFO | Validando columnas y tipos...
2024-11-06 22:19:36 | process_logger | INFO | Realizando la predicción...
2024-11-06 22:19:36 | process_logger | INFO | Tipo de póliza es 4, devolviendo predicción -1
2024-11-06 22:19:36 | process_logger | INFO | Predicción realizada para claim_id 394115 en 12.024s
2024-11-06 22:19:36 | process_logger | INFO | Solicitud recibida en /api/v1/predict/
2024-11-06 22:19:36 | process_logger | INFO | Cargando el modelo...
2024-11-06 22:19:36 | process_logger | INFO | Cargando el modelo desde: models/linear_regression.pkl
2024-11-06 22:19:36 | process_logger | INFO | Ejecutando el pipeline de transformación...
2024-11-06 22:19:36 | process_logger | INFO | Ejecutando Step 1 con pipeline: pipes/pipeline_1.pkl
2024-11-06 22:19:36 | process_logger | INFO | Cargando el pipeline: /app/pipes/pipeline_1.pkl
2024-11-06 22:19:36 | process_logger | INFO | Ejecutando Step 2 con pipeline: pipes/pipeline_2.pkl
2024-11-06 22:19:36 | process_logger | INFO | Cargando el pipeline: /app/pipes/pipeline_2.pkl
2024-11-06 22:19:38 | process_logger | INFO | Ejecutando Step 3 con pipeline: pipes/pipeline_3.pkl
2024-11-06 22:19:38 | process_logger | INFO | Cargando el pipeline: /app/pipes/pipeline_3.pkl
2024-11-06 22:19:38 | process_logger | INFO | Ejecutando Step 4 con pipeline: pipes/pipeline_4.pkl
2024-11-06 22:19:38 | process_logger | INFO | Cargando el pipeline: /app/pipes/pipeline_4.pkl
2024-11-06 22:19:38 | process_logger | INFO | Ejecutando Step 5 con pipeline: pipes/pipeline_5.pkl
2024-11-06 22:19:38 | process_logger | INFO | Cargando el pipeline: /app/pipes/pipeline_5.pkl
2024-11-06 22:19:48 | process_logger | INFO | Cargando el diccionario de imputaciones...
2024-11-06 22:19:48 | process_logger | INFO | Imputando valores nulos...
2024-11-06 22:19:48 | process_logger | INFO | Valores nulos imputados.
2024-11-06 22:19:48 | process_logger | INFO | Validando columnas y tipos...
2024-11-06 22:19:48 | process_logger | INFO | Realizando la predicción...
2024-11-06 22:19:48 | process_logger | INFO | Tipo de póliza no es 4, realizando predicción...
2024-11-06 22:19:48 | process_logger | INFO | Predicción: 6.044710152812982
2024-11-06 22:19:48 | process_logger | INFO | Predicción realizada para claim_id 243530 en 12.0369s
2024-11-06 22:19:48 | process_logger | INFO | Solicitud recibida en /api/v1/predict/
2024-11-06 22:19:48 | process_logger | INFO | Cargando el modelo...
2024-11-06 22:19:48 | process_logger | INFO | Cargando el modelo desde: models/linear_regression.pkl
2024-11-06 22:19:48 | process_logger | INFO | Ejecutando el pipeline de transformación...
2024-11-06 22:19:48 | process_logger | INFO | Ejecutando Step 1 con pipeline: pipes/pipeline_1.pkl
2024-11-06 22:19:48 | process_logger | INFO | Cargando el pipeline: /app/pipes/pipeline_1.pkl
2024-11-06 22:19:48 | process_logger | INFO | Ejecutando Step 2 con pipeline: pipes/pipeline_2.pkl
2024-11-06 22:19:48 | process_logger | INFO | Cargando el pipeline: /app/pipes/pipeline_2.pkl
2024-11-06 22:19:50 | process_logger | INFO | Ejecutando Step 3 con pipeline: pipes/pipeline_3.pkl
2024-11-06 22:19:50 | process_logger | INFO | Cargando el pipeline: /app/pipes/pipeline_3.pkl
2024-11-06 22:19:50 | process_logger | INFO | Ejecutando Step 4 con pipeline: pipes/pipeline_4.pkl
2024-11-06 22:19:50 | process_logger | INFO | Cargando el pipeline: /app/pipes/pipeline_4.pkl
2024-11-06 22:19:50 | process_logger | INFO | Ejecutando Step 5 con pipeline: pipes/pipeline_5.pkl
2024-11-06 22:19:50 | process_logger | INFO | Cargando el pipeline: /app/pipes/pipeline_5.pkl
2024-11-06 22:20:00 | process_logger | INFO | Cargando el diccionario de imputaciones...
2024-11-06 22:20:00 | process_logger | INFO | Imputando valores nulos...
2024-11-06 22:20:00 | process_logger | INFO | Valores nulos imputados.
2024-11-06 22:20:00 | process_logger | INFO | Validando columnas y tipos...
2024-11-06 22:20:00 | process_logger | INFO | Realizando la predicción...
2024-11-06 22:20:00 | process_logger | INFO | Tipo de póliza no es 4, realizando predicción...
2024-11-06 22:20:00 | process_logger | INFO | Predicción: 5.755813438598005
2024-11-06 22:20:00 | process_logger | INFO | Predicción realizada para claim_id 288203 en 12.0365s
2024-11-06 22:20:00 | process_logger | INFO | Solicitud recibida en /api/v1/predict/
2024-11-06 22:20:00 | process_logger | INFO | Cargando el modelo...
2024-11-06 22:20:00 | process_logger | INFO | Cargando el modelo desde: models/linear_regression.pkl
2024-11-06 22:20:00 | process_logger | INFO | Ejecutando el pipeline de transformación...
2024-11-06 22:20:00 | process_logger | INFO | Ejecutando Step 1 con pipeline: pipes/pipeline_1.pkl
2024-11-06 22:20:00 | process_logger | INFO | Cargando el pipeline: /app/pipes/pipeline_1.pkl
2024-11-06 22:20:00 | process_logger | INFO | Ejecutando Step 2 con pipeline: pipes/pipeline_2.pkl
2024-11-06 22:20:00 | process_logger | INFO | Cargando el pipeline: /app/pipes/pipeline_2.pkl
2024-11-06 22:20:02 | process_logger | INFO | Ejecutando Step 3 con pipeline: pipes/pipeline_3.pkl
2024-11-06 22:20:02 | process_logger | INFO | Cargando el pipeline: /app/pipes/pipeline_3.pkl
2024-11-06 22:20:02 | process_logger | INFO | Ejecutando Step 4 con pipeline: pipes/pipeline_4.pkl
2024-11-06 22:20:02 | process_logger | INFO | Cargando el pipeline: /app/pipes/pipeline_4.pkl
2024-11-06 22:20:02 | process_logger | INFO | Ejecutando Step 5 con pipeline: pipes/pipeline_5.pkl
2024-11-06 22:20:02 | process_logger | INFO | Cargando el pipeline: /app/pipes/pipeline_5.pkl
2024-11-06 22:20:12 | process_logger | INFO | Cargando el diccionario de imputaciones...
2024-11-06 22:20:12 | process_logger | INFO | Imputando valores nulos...
2024-11-06 22:20:12 | process_logger | INFO | Valores nulos imputados.
2024-11-06 22:20:12 | process_logger | INFO | Validando columnas y tipos...
2024-11-06 22:20:12 | process_logger | INFO | Realizando la predicción...
2024-11-06 22:20:12 | process_logger | INFO | Tipo de póliza no es 4, realizando predicción...
2024-11-06 22:20:12 | process_logger | INFO | Predicción: 4.817652487515653
2024-11-06 22:20:12 | process_logger | INFO | Predicción realizada para claim_id 991981 en 12.0313s
2024-11-06 22:20:12 | process_logger | INFO | Solicitud recibida en /api/v1/predict/
2024-11-06 22:20:12 | process_logger | INFO | Cargando el modelo...
2024-11-06 22:20:12 | process_logger | INFO | Cargando el modelo desde: models/linear_regression.pkl
2024-11-06 22:20:12 | process_logger | INFO | Ejecutando el pipeline de transformación...
2024-11-06 22:20:12 | process_logger | INFO | Ejecutando Step 1 con pipeline: pipes/pipeline_1.pkl
2024-11-06 22:20:12 | process_logger | INFO | Cargando el pipeline: /app/pipes/pipeline_1.pkl
2024-11-06 22:20:12 | process_logger | INFO | Ejecutando Step 2 con pipeline: pipes/pipeline_2.pkl
2024-11-06 22:20:12 | process_logger | INFO | Cargando el pipeline: /app/pipes/pipeline_2.pkl
2024-11-06 22:20:14 | process_logger | INFO | Ejecutando Step 3 con pipeline: pipes/pipeline_3.pkl
2024-11-06 22:20:14 | process_logger | INFO | Cargando el pipeline: /app/pipes/pipeline_3.pkl
2024-11-06 22:20:14 | process_logger | INFO | Ejecutando Step 4 con pipeline: pipes/pipeline_4.pkl
2024-11-06 22:20:14 | process_logger | INFO | Cargando el pipeline: /app/pipes/pipeline_4.pkl
2024-11-06 22:20:14 | process_logger | INFO | Ejecutando Step 5 con pipeline: pipes/pipeline_5.pkl
2024-11-06 22:20:14 | process_logger | INFO | Cargando el pipeline: /app/pipes/pipeline_5.pkl
2024-11-06 22:20:24 | process_logger | INFO | Cargando el diccionario de imputaciones...
2024-11-06 22:20:24 | process_logger | INFO | Imputando valores nulos...
2024-11-06 22:20:24 | process_logger | INFO | Valores nulos imputados.
2024-11-06 22:20:24 | process_logger | INFO | Validando columnas y tipos...
2024-11-06 22:20:24 | process_logger | INFO | Realizando la predicción...
2024-11-06 22:20:24 | process_logger | INFO | Tipo de póliza no es 4, realizando predicción...
2024-11-06 22:20:24 | process_logger | INFO | Predicción: 4.9815699930677315
2024-11-06 22:20:24 | process_logger | INFO | Predicción realizada para claim_id 435094 en 12.035s
2024-11-06 22:20:24 | process_logger | INFO | Solicitud recibida en /api/v1/predict/
2024-11-06 22:20:24 | process_logger | INFO | Cargando el modelo...
2024-11-06 22:20:24 | process_logger | INFO | Cargando el modelo desde: models/linear_regression.pkl
2024-11-06 22:20:24 | process_logger | INFO | Ejecutando el pipeline de transformación...
2024-11-06 22:20:24 | process_logger | INFO | Ejecutando Step 1 con pipeline: pipes/pipeline_1.pkl
2024-11-06 22:20:24 | process_logger | INFO | Cargando el pipeline: /app/pipes/pipeline_1.pkl
2024-11-06 22:20:24 | process_logger | INFO | Ejecutando Step 2 con pipeline: pipes/pipeline_2.pkl
2024-11-06 22:20:24 | process_logger | INFO | Cargando el pipeline: /app/pipes/pipeline_2.pkl
2024-11-06 22:20:26 | process_logger | INFO | Ejecutando Step 3 con pipeline: pipes/pipeline_3.pkl
2024-11-06 22:20:26 | process_logger | INFO | Cargando el pipeline: /app/pipes/pipeline_3.pkl
2024-11-06 22:20:26 | process_logger | INFO | Ejecutando Step 4 con pipeline: pipes/pipeline_4.pkl
2024-11-06 22:20:26 | process_logger | INFO | Cargando el pipeline: /app/pipes/pipeline_4.pkl
2024-11-06 22:20:26 | process_logger | INFO | Ejecutando Step 5 con pipeline: pipes/pipeline_5.pkl
2024-11-06 22:20:26 | process_logger | INFO | Cargando el pipeline: /app/pipes/pipeline_5.pkl
2024-11-06 22:20:36 | process_logger | INFO | Cargando el diccionario de imputaciones...
2024-11-06 22:20:36 | process_logger | INFO | Imputando valores nulos...
2024-11-06 22:20:36 | process_logger | INFO | Valores nulos imputados.
2024-11-06 22:20:36 | process_logger | INFO | Validando columnas y tipos...
2024-11-06 22:20:36 | process_logger | INFO | Realizando la predicción...
2024-11-06 22:20:36 | process_logger | INFO | Tipo de póliza no es 4, realizando predicción...
2024-11-06 22:20:36 | process_logger | INFO | Predicción: 3.2315036114105764
2024-11-06 22:20:36 | process_logger | INFO | Predicción realizada para claim_id 417848 en 12.033s
2024-11-06 22:21:30 | process_logger | INFO | Solicitud recibida en /api/v1/predict/
2024-11-06 22:21:30 | process_logger | INFO | Cargando el modelo...
2024-11-06 22:21:30 | process_logger | INFO | Cargando el modelo desde: models/linear_regression.pkl
2024-11-06 22:21:30 | process_logger | INFO | Ejecutando el pipeline de transformación...
2024-11-06 22:21:30 | process_logger | INFO | Ejecutando Step 1 con pipeline: pipes/pipeline_1.pkl
2024-11-06 22:21:30 | process_logger | INFO | Cargando el pipeline: /app/pipes/pipeline_1.pkl
2024-11-06 22:21:30 | process_logger | INFO | Ejecutando Step 2 con pipeline: pipes/pipeline_2.pkl
2024-11-06 22:21:30 | process_logger | INFO | Cargando el pipeline: /app/pipes/pipeline_2.pkl
2024-11-06 22:21:32 | process_logger | INFO | Ejecutando Step 3 con pipeline: pipes/pipeline_3.pkl
2024-11-06 22:21:32 | process_logger | INFO | Cargando el pipeline: /app/pipes/pipeline_3.pkl
2024-11-06 22:21:32 | process_logger | INFO | Ejecutando Step 4 con pipeline: pipes/pipeline_4.pkl
2024-11-06 22:21:32 | process_logger | INFO | Cargando el pipeline: /app/pipes/pipeline_4.pkl
2024-11-06 22:21:32 | process_logger | INFO | Ejecutando Step 5 con pipeline: pipes/pipeline_5.pkl
2024-11-06 22:21:32 | process_logger | INFO | Cargando el pipeline: /app/pipes/pipeline_5.pkl
2024-11-06 22:21:42 | process_logger | INFO | Cargando el diccionario de imputaciones...
2024-11-06 22:21:42 | process_logger | INFO | Imputando valores nulos...
2024-11-06 22:21:42 | process_logger | INFO | Valores nulos imputados.
2024-11-06 22:21:42 | process_logger | INFO | Validando columnas y tipos...
2024-11-06 22:21:42 | process_logger | INFO | Realizando la predicción...
2024-11-06 22:21:42 | process_logger | INFO | Tipo de póliza no es 4, realizando predicción...
2024-11-06 22:21:42 | process_logger | INFO | Predicción: 4.384084317938598
2024-11-06 22:21:42 | process_logger | INFO | Predicción realizada para claim_id 561205 en 12.0248s
2024-11-06 22:21:42 | process_logger | INFO | Solicitud recibida en /api/v1/predict/
2024-11-06 22:21:42 | process_logger | INFO | Cargando el modelo...
2024-11-06 22:21:42 | process_logger | INFO | Cargando el modelo desde: models/linear_regression.pkl
2024-11-06 22:21:42 | process_logger | INFO | Ejecutando el pipeline de transformación...
2024-11-06 22:21:42 | process_logger | INFO | Ejecutando Step 1 con pipeline: pipes/pipeline_1.pkl
2024-11-06 22:21:42 | process_logger | INFO | Cargando el pipeline: /app/pipes/pipeline_1.pkl
2024-11-06 22:21:42 | process_logger | INFO | Ejecutando Step 2 con pipeline: pipes/pipeline_2.pkl
2024-11-06 22:21:42 | process_logger | INFO | Cargando el pipeline: /app/pipes/pipeline_2.pkl
2024-11-06 22:21:44 | process_logger | INFO | Ejecutando Step 3 con pipeline: pipes/pipeline_3.pkl
2024-11-06 22:21:44 | process_logger | INFO | Cargando el pipeline: /app/pipes/pipeline_3.pkl
2024-11-06 22:21:44 | process_logger | INFO | Ejecutando Step 4 con pipeline: pipes/pipeline_4.pkl
2024-11-06 22:21:44 | process_logger | INFO | Cargando el pipeline: /app/pipes/pipeline_4.pkl
2024-11-06 22:21:44 | process_logger | INFO | Ejecutando Step 5 con pipeline: pipes/pipeline_5.pkl
2024-11-06 22:21:44 | process_logger | INFO | Cargando el pipeline: /app/pipes/pipeline_5.pkl
2024-11-06 22:21:54 | process_logger | INFO | Cargando el diccionario de imputaciones...
2024-11-06 22:21:54 | process_logger | INFO | Imputando valores nulos...
2024-11-06 22:21:54 | process_logger | INFO | Valores nulos imputados.
2024-11-06 22:21:54 | process_logger | INFO | Validando columnas y tipos...
2024-11-06 22:21:54 | process_logger | INFO | Realizando la predicción...
2024-11-06 22:21:54 | process_logger | INFO | Tipo de póliza no es 4, realizando predicción...
2024-11-06 22:21:54 | process_logger | INFO | Predicción: 2.949009122491966
2024-11-06 22:21:54 | process_logger | INFO | Predicción realizada para claim_id 528569 en 12.0315s
2024-11-06 22:21:54 | process_logger | INFO | Solicitud recibida en /api/v1/predict/
2024-11-06 22:21:54 | process_logger | INFO | Cargando el modelo...
2024-11-06 22:21:54 | process_logger | INFO | Cargando el modelo desde: models/linear_regression.pkl
2024-11-06 22:21:54 | process_logger | INFO | Ejecutando el pipeline de transformación...
2024-11-06 22:21:54 | process_logger | INFO | Ejecutando Step 1 con pipeline: pipes/pipeline_1.pkl
2024-11-06 22:21:54 | process_logger | INFO | Cargando el pipeline: /app/pipes/pipeline_1.pkl
2024-11-06 22:21:54 | process_logger | INFO | Ejecutando Step 2 con pipeline: pipes/pipeline_2.pkl
2024-11-06 22:21:54 | process_logger | INFO | Cargando el pipeline: /app/pipes/pipeline_2.pkl
2024-11-06 22:21:56 | process_logger | INFO | Ejecutando Step 3 con pipeline: pipes/pipeline_3.pkl
2024-11-06 22:21:56 | process_logger | INFO | Cargando el pipeline: /app/pipes/pipeline_3.pkl
2024-11-06 22:21:56 | process_logger | INFO | Ejecutando Step 4 con pipeline: pipes/pipeline_4.pkl
2024-11-06 22:21:56 | process_logger | INFO | Cargando el pipeline: /app/pipes/pipeline_4.pkl
2024-11-06 22:21:56 | process_logger | INFO | Ejecutando Step 5 con pipeline: pipes/pipeline_5.pkl
2024-11-06 22:21:56 | process_logger | INFO | Cargando el pipeline: /app/pipes/pipeline_5.pkl
2024-11-06 22:22:06 | process_logger | INFO | Cargando el diccionario de imputaciones...
2024-11-06 22:22:06 | process_logger | INFO | Imputando valores nulos...
2024-11-06 22:22:06 | process_logger | INFO | Valores nulos imputados.
2024-11-06 22:22:06 | process_logger | INFO | Validando columnas y tipos...
2024-11-06 22:22:06 | process_logger | INFO | Realizando la predicción...
2024-11-06 22:22:06 | process_logger | INFO | Tipo de póliza es 4, devolviendo predicción -1
2024-11-06 22:22:06 | process_logger | INFO | Predicción realizada para claim_id 408550 en 12.0303s
2024-11-06 22:22:06 | process_logger | INFO | Solicitud recibida en /api/v1/predict/
2024-11-06 22:22:06 | process_logger | INFO | Cargando el modelo...
2024-11-06 22:22:06 | process_logger | INFO | Cargando el modelo desde: models/linear_regression.pkl
2024-11-06 22:22:06 | process_logger | INFO | Ejecutando el pipeline de transformación...
2024-11-06 22:22:06 | process_logger | INFO | Ejecutando Step 1 con pipeline: pipes/pipeline_1.pkl
2024-11-06 22:22:06 | process_logger | INFO | Cargando el pipeline: /app/pipes/pipeline_1.pkl
2024-11-06 22:22:06 | process_logger | INFO | Ejecutando Step 2 con pipeline: pipes/pipeline_2.pkl
2024-11-06 22:22:06 | process_logger | INFO | Cargando el pipeline: /app/pipes/pipeline_2.pkl
2024-11-06 22:22:08 | process_logger | INFO | Ejecutando Step 3 con pipeline: pipes/pipeline_3.pkl
2024-11-06 22:22:08 | process_logger | INFO | Cargando el pipeline: /app/pipes/pipeline_3.pkl
2024-11-06 22:22:08 | process_logger | INFO | Ejecutando Step 4 con pipeline: pipes/pipeline_4.pkl
2024-11-06 22:22:08 | process_logger | INFO | Cargando el pipeline: /app/pipes/pipeline_4.pkl
2024-11-06 22:22:08 | process_logger | INFO | Ejecutando Step 5 con pipeline: pipes/pipeline_5.pkl
2024-11-06 22:22:08 | process_logger | INFO | Cargando el pipeline: /app/pipes/pipeline_5.pkl
2024-11-06 22:22:18 | process_logger | INFO | Cargando el diccionario de imputaciones...
2024-11-06 22:22:18 | process_logger | INFO | Imputando valores nulos...
2024-11-06 22:22:18 | process_logger | INFO | Valores nulos imputados.
2024-11-06 22:22:18 | process_logger | INFO | Validando columnas y tipos...
2024-11-06 22:22:18 | process_logger | INFO | Realizando la predicción...
2024-11-06 22:22:18 | process_logger | INFO | Tipo de póliza no es 4, realizando predicción...
2024-11-06 22:22:18 | process_logger | INFO | Predicción: 6.165575820663672
2024-11-06 22:22:18 | process_logger | INFO | Predicción realizada para claim_id 208451 en 12.0211s
2024-11-06 22:22:18 | process_logger | INFO | Solicitud recibida en /api/v1/predict/
2024-11-06 22:22:18 | process_logger | INFO | Cargando el modelo...
2024-11-06 22:22:18 | process_logger | INFO | Cargando el modelo desde: models/linear_regression.pkl
2024-11-06 22:22:18 | process_logger | INFO | Ejecutando el pipeline de transformación...
2024-11-06 22:22:18 | process_logger | INFO | Ejecutando Step 1 con pipeline: pipes/pipeline_1.pkl
2024-11-06 22:22:18 | process_logger | INFO | Cargando el pipeline: /app/pipes/pipeline_1.pkl
2024-11-06 22:22:18 | process_logger | INFO | Ejecutando Step 2 con pipeline: pipes/pipeline_2.pkl
2024-11-06 22:22:18 | process_logger | INFO | Cargando el pipeline: /app/pipes/pipeline_2.pkl
2024-11-06 22:22:20 | process_logger | INFO | Ejecutando Step 3 con pipeline: pipes/pipeline_3.pkl
2024-11-06 22:22:20 | process_logger | INFO | Cargando el pipeline: /app/pipes/pipeline_3.pkl
2024-11-06 22:22:20 | process_logger | INFO | Ejecutando Step 4 con pipeline: pipes/pipeline_4.pkl
2024-11-06 22:22:20 | process_logger | INFO | Cargando el pipeline: /app/pipes/pipeline_4.pkl
2024-11-06 22:22:20 | process_logger | INFO | Ejecutando Step 5 con pipeline: pipes/pipeline_5.pkl
2024-11-06 22:22:20 | process_logger | INFO | Cargando el pipeline: /app/pipes/pipeline_5.pkl
2024-11-06 22:22:31 | process_logger | INFO | Cargando el diccionario de imputaciones...
2024-11-06 22:22:31 | process_logger | INFO | Imputando valores nulos...
2024-11-06 22:22:31 | process_logger | INFO | Valores nulos imputados.
2024-11-06 22:22:31 | process_logger | INFO | Validando columnas y tipos...
2024-11-06 22:22:31 | process_logger | INFO | Realizando la predicción...
2024-11-06 22:22:31 | process_logger | INFO | Tipo de póliza es 4, devolviendo predicción -1
2024-11-06 22:22:31 | process_logger | INFO | Predicción realizada para claim_id 394115 en 12.0258s
2024-11-06 22:22:31 | process_logger | INFO | Solicitud recibida en /api/v1/predict/
2024-11-06 22:22:31 | process_logger | INFO | Cargando el modelo...
2024-11-06 22:22:31 | process_logger | INFO | Cargando el modelo desde: models/linear_regression.pkl
2024-11-06 22:22:31 | process_logger | INFO | Ejecutando el pipeline de transformación...
2024-11-06 22:22:31 | process_logger | INFO | Ejecutando Step 1 con pipeline: pipes/pipeline_1.pkl
2024-11-06 22:22:31 | process_logger | INFO | Cargando el pipeline: /app/pipes/pipeline_1.pkl
2024-11-06 22:22:31 | process_logger | INFO | Ejecutando Step 2 con pipeline: pipes/pipeline_2.pkl
2024-11-06 22:22:31 | process_logger | INFO | Cargando el pipeline: /app/pipes/pipeline_2.pkl
2024-11-06 22:22:33 | process_logger | INFO | Ejecutando Step 3 con pipeline: pipes/pipeline_3.pkl
2024-11-06 22:22:33 | process_logger | INFO | Cargando el pipeline: /app/pipes/pipeline_3.pkl
2024-11-06 22:22:33 | process_logger | INFO | Ejecutando Step 4 con pipeline: pipes/pipeline_4.pkl
2024-11-06 22:22:33 | process_logger | INFO | Cargando el pipeline: /app/pipes/pipeline_4.pkl
2024-11-06 22:22:33 | process_logger | INFO | Ejecutando Step 5 con pipeline: pipes/pipeline_5.pkl
2024-11-06 22:22:33 | process_logger | INFO | Cargando el pipeline: /app/pipes/pipeline_5.pkl
2024-11-06 22:22:43 | process_logger | INFO | Cargando el diccionario de imputaciones...
2024-11-06 22:22:43 | process_logger | INFO | Imputando valores nulos...
2024-11-06 22:22:43 | process_logger | INFO | Valores nulos imputados.
2024-11-06 22:22:43 | process_logger | INFO | Validando columnas y tipos...
2024-11-06 22:22:43 | process_logger | INFO | Realizando la predicción...
2024-11-06 22:22:43 | process_logger | INFO | Tipo de póliza no es 4, realizando predicción...
2024-11-06 22:22:43 | process_logger | INFO | Predicción: 6.044710152812982
2024-11-06 22:22:43 | process_logger | INFO | Predicción realizada para claim_id 243530 en 12.0349s
2024-11-06 22:22:43 | process_logger | INFO | Solicitud recibida en /api/v1/predict/
2024-11-06 22:22:43 | process_logger | INFO | Cargando el modelo...
2024-11-06 22:22:43 | process_logger | INFO | Cargando el modelo desde: models/linear_regression.pkl
2024-11-06 22:22:43 | process_logger | INFO | Ejecutando el pipeline de transformación...
2024-11-06 22:22:43 | process_logger | INFO | Ejecutando Step 1 con pipeline: pipes/pipeline_1.pkl
2024-11-06 22:22:43 | process_logger | INFO | Cargando el pipeline: /app/pipes/pipeline_1.pkl
2024-11-06 22:22:43 | process_logger | INFO | Ejecutando Step 2 con pipeline: pipes/pipeline_2.pkl
2024-11-06 22:22:43 | process_logger | INFO | Cargando el pipeline: /app/pipes/pipeline_2.pkl
2024-11-06 22:22:45 | process_logger | INFO | Ejecutando Step 3 con pipeline: pipes/pipeline_3.pkl
2024-11-06 22:22:45 | process_logger | INFO | Cargando el pipeline: /app/pipes/pipeline_3.pkl
2024-11-06 22:22:45 | process_logger | INFO | Ejecutando Step 4 con pipeline: pipes/pipeline_4.pkl
2024-11-06 22:22:45 | process_logger | INFO | Cargando el pipeline: /app/pipes/pipeline_4.pkl
2024-11-06 22:22:45 | process_logger | INFO | Ejecutando Step 5 con pipeline: pipes/pipeline_5.pkl
2024-11-06 22:22:45 | process_logger | INFO | Cargando el pipeline: /app/pipes/pipeline_5.pkl
2024-11-06 22:22:55 | process_logger | INFO | Cargando el diccionario de imputaciones...
2024-11-06 22:22:55 | process_logger | INFO | Imputando valores nulos...
2024-11-06 22:22:55 | process_logger | INFO | Valores nulos imputados.
2024-11-06 22:22:55 | process_logger | INFO | Validando columnas y tipos...
2024-11-06 22:22:55 | process_logger | INFO | Realizando la predicción...
2024-11-06 22:22:55 | process_logger | INFO | Tipo de póliza no es 4, realizando predicción...
2024-11-06 22:22:55 | process_logger | INFO | Predicción: 5.755813438598005
2024-11-06 22:22:55 | process_logger | INFO | Predicción realizada para claim_id 288203 en 12.0401s
2024-11-06 22:22:55 | process_logger | INFO | Solicitud recibida en /api/v1/predict/
2024-11-06 22:22:55 | process_logger | INFO | Cargando el modelo...
2024-11-06 22:22:55 | process_logger | INFO | Cargando el modelo desde: models/linear_regression.pkl
2024-11-06 22:22:55 | process_logger | INFO | Ejecutando el pipeline de transformación...
2024-11-06 22:22:55 | process_logger | INFO | Ejecutando Step 1 con pipeline: pipes/pipeline_1.pkl
2024-11-06 22:22:55 | process_logger | INFO | Cargando el pipeline: /app/pipes/pipeline_1.pkl
2024-11-06 22:22:55 | process_logger | INFO | Ejecutando Step 2 con pipeline: pipes/pipeline_2.pkl
2024-11-06 22:22:55 | process_logger | INFO | Cargando el pipeline: /app/pipes/pipeline_2.pkl
2024-11-06 22:22:57 | process_logger | INFO | Ejecutando Step 3 con pipeline: pipes/pipeline_3.pkl
2024-11-06 22:22:57 | process_logger | INFO | Cargando el pipeline: /app/pipes/pipeline_3.pkl
2024-11-06 22:22:57 | process_logger | INFO | Ejecutando Step 4 con pipeline: pipes/pipeline_4.pkl
2024-11-06 22:22:57 | process_logger | INFO | Cargando el pipeline: /app/pipes/pipeline_4.pkl
2024-11-06 22:22:57 | process_logger | INFO | Ejecutando Step 5 con pipeline: pipes/pipeline_5.pkl
2024-11-06 22:22:57 | process_logger | INFO | Cargando el pipeline: /app/pipes/pipeline_5.pkl
2024-11-06 22:23:07 | process_logger | INFO | Cargando el diccionario de imputaciones...
2024-11-06 22:23:07 | process_logger | INFO | Imputando valores nulos...
2024-11-06 22:23:07 | process_logger | INFO | Valores nulos imputados.
2024-11-06 22:23:07 | process_logger | INFO | Validando columnas y tipos...
2024-11-06 22:23:07 | process_logger | INFO | Realizando la predicción...
2024-11-06 22:23:07 | process_logger | INFO | Tipo de póliza no es 4, realizando predicción...
2024-11-06 22:23:07 | process_logger | INFO | Predicción: 4.817652487515653
2024-11-06 22:23:07 | process_logger | INFO | Predicción realizada para claim_id 991981 en 12.0329s
2024-11-06 22:23:07 | process_logger | INFO | Solicitud recibida en /api/v1/predict/
2024-11-06 22:23:07 | process_logger | INFO | Cargando el modelo...
2024-11-06 22:23:07 | process_logger | INFO | Cargando el modelo desde: models/linear_regression.pkl
2024-11-06 22:23:07 | process_logger | INFO | Ejecutando el pipeline de transformación...
2024-11-06 22:23:07 | process_logger | INFO | Ejecutando Step 1 con pipeline: pipes/pipeline_1.pkl
2024-11-06 22:23:07 | process_logger | INFO | Cargando el pipeline: /app/pipes/pipeline_1.pkl
2024-11-06 22:23:07 | process_logger | INFO | Ejecutando Step 2 con pipeline: pipes/pipeline_2.pkl
2024-11-06 22:23:07 | process_logger | INFO | Cargando el pipeline: /app/pipes/pipeline_2.pkl
2024-11-06 22:23:09 | process_logger | INFO | Ejecutando Step 3 con pipeline: pipes/pipeline_3.pkl
2024-11-06 22:23:09 | process_logger | INFO | Cargando el pipeline: /app/pipes/pipeline_3.pkl
2024-11-06 22:23:09 | process_logger | INFO | Ejecutando Step 4 con pipeline: pipes/pipeline_4.pkl
2024-11-06 22:23:09 | process_logger | INFO | Cargando el pipeline: /app/pipes/pipeline_4.pkl
2024-11-06 22:23:09 | process_logger | INFO | Ejecutando Step 5 con pipeline: pipes/pipeline_5.pkl
2024-11-06 22:23:09 | process_logger | INFO | Cargando el pipeline: /app/pipes/pipeline_5.pkl
2024-11-06 22:23:19 | process_logger | INFO | Cargando el diccionario de imputaciones...
2024-11-06 22:23:19 | process_logger | INFO | Imputando valores nulos...
2024-11-06 22:23:19 | process_logger | INFO | Valores nulos imputados.
2024-11-06 22:23:19 | process_logger | INFO | Validando columnas y tipos...
2024-11-06 22:23:19 | process_logger | INFO | Realizando la predicción...
2024-11-06 22:23:19 | process_logger | INFO | Tipo de póliza no es 4, realizando predicción...
2024-11-06 22:23:19 | process_logger | INFO | Predicción: 4.9815699930677315
2024-11-06 22:23:19 | process_logger | INFO | Predicción realizada para claim_id 435094 en 12.0361s
2024-11-06 22:23:19 | process_logger | INFO | Solicitud recibida en /api/v1/predict/
2024-11-06 22:23:19 | process_logger | INFO | Cargando el modelo...
2024-11-06 22:23:19 | process_logger | INFO | Cargando el modelo desde: models/linear_regression.pkl
2024-11-06 22:23:19 | process_logger | INFO | Ejecutando el pipeline de transformación...
2024-11-06 22:23:19 | process_logger | INFO | Ejecutando Step 1 con pipeline: pipes/pipeline_1.pkl
2024-11-06 22:23:19 | process_logger | INFO | Cargando el pipeline: /app/pipes/pipeline_1.pkl
2024-11-06 22:23:19 | process_logger | INFO | Ejecutando Step 2 con pipeline: pipes/pipeline_2.pkl
2024-11-06 22:23:19 | process_logger | INFO | Cargando el pipeline: /app/pipes/pipeline_2.pkl
2024-11-06 22:23:21 | process_logger | INFO | Ejecutando Step 3 con pipeline: pipes/pipeline_3.pkl
2024-11-06 22:23:21 | process_logger | INFO | Cargando el pipeline: /app/pipes/pipeline_3.pkl
2024-11-06 22:23:21 | process_logger | INFO | Ejecutando Step 4 con pipeline: pipes/pipeline_4.pkl
2024-11-06 22:23:21 | process_logger | INFO | Cargando el pipeline: /app/pipes/pipeline_4.pkl
2024-11-06 22:23:21 | process_logger | INFO | Ejecutando Step 5 con pipeline: pipes/pipeline_5.pkl
2024-11-06 22:23:21 | process_logger | INFO | Cargando el pipeline: /app/pipes/pipeline_5.pkl
2024-11-06 22:23:31 | process_logger | INFO | Cargando el diccionario de imputaciones...
2024-11-06 22:23:31 | process_logger | INFO | Imputando valores nulos...
2024-11-06 22:23:31 | process_logger | INFO | Valores nulos imputados.
2024-11-06 22:23:31 | process_logger | INFO | Validando columnas y tipos...
2024-11-06 22:23:31 | process_logger | INFO | Realizando la predicción...
2024-11-06 22:23:31 | process_logger | INFO | Tipo de póliza no es 4, realizando predicción...
2024-11-06 22:23:31 | process_logger | INFO | Predicción: 3.2315036114105764
2024-11-06 22:23:31 | process_logger | INFO | Predicción realizada para claim_id 417848 en 12.0304s
2024-11-06 22:23:39 | process_logger | INFO | Solicitud recibida en /api/v1/predict/
2024-11-06 22:23:39 | process_logger | INFO | Cargando el modelo...
2024-11-06 22:23:39 | process_logger | INFO | Cargando el modelo desde: models/linear_regression.pkl
2024-11-06 22:23:39 | process_logger | INFO | Ejecutando el pipeline de transformación...
2024-11-06 22:23:39 | process_logger | INFO | Ejecutando Step 1 con pipeline: pipes/pipeline_1.pkl
2024-11-06 22:23:39 | process_logger | INFO | Cargando el pipeline: /app/pipes/pipeline_1.pkl
2024-11-06 22:23:39 | process_logger | INFO | Ejecutando Step 2 con pipeline: pipes/pipeline_2.pkl
2024-11-06 22:23:39 | process_logger | INFO | Cargando el pipeline: /app/pipes/pipeline_2.pkl
2024-11-06 22:23:41 | process_logger | INFO | Ejecutando Step 3 con pipeline: pipes/pipeline_3.pkl
2024-11-06 22:23:41 | process_logger | INFO | Cargando el pipeline: /app/pipes/pipeline_3.pkl
2024-11-06 22:23:41 | process_logger | INFO | Ejecutando Step 4 con pipeline: pipes/pipeline_4.pkl
2024-11-06 22:23:41 | process_logger | INFO | Cargando el pipeline: /app/pipes/pipeline_4.pkl
2024-11-06 22:23:41 | process_logger | INFO | Ejecutando Step 5 con pipeline: pipes/pipeline_5.pkl
2024-11-06 22:23:41 | process_logger | INFO | Cargando el pipeline: /app/pipes/pipeline_5.pkl
2024-11-06 22:23:51 | process_logger | INFO | Cargando el diccionario de imputaciones...
2024-11-06 22:23:51 | process_logger | INFO | Imputando valores nulos...
2024-11-06 22:23:51 | process_logger | INFO | Valores nulos imputados.
2024-11-06 22:23:51 | process_logger | INFO | Validando columnas y tipos...
2024-11-06 22:23:51 | process_logger | INFO | Realizando la predicción...
2024-11-06 22:23:51 | process_logger | INFO | Tipo de póliza no es 4, realizando predicción...
2024-11-06 22:23:51 | process_logger | INFO | Predicción: 4.384084317938598
2024-11-06 22:23:51 | process_logger | INFO | Predicción realizada para claim_id 561205 en 12.0347s
2024-11-06 22:23:51 | process_logger | INFO | Solicitud recibida en /api/v1/predict/
2024-11-06 22:23:51 | process_logger | INFO | Cargando el modelo...
2024-11-06 22:23:51 | process_logger | INFO | Cargando el modelo desde: models/linear_regression.pkl
2024-11-06 22:23:51 | process_logger | INFO | Ejecutando el pipeline de transformación...
2024-11-06 22:23:51 | process_logger | INFO | Ejecutando Step 1 con pipeline: pipes/pipeline_1.pkl
2024-11-06 22:23:51 | process_logger | INFO | Cargando el pipeline: /app/pipes/pipeline_1.pkl
2024-11-06 22:23:51 | process_logger | INFO | Ejecutando Step 2 con pipeline: pipes/pipeline_2.pkl
2024-11-06 22:23:51 | process_logger | INFO | Cargando el pipeline: /app/pipes/pipeline_2.pkl
2024-11-06 22:23:53 | process_logger | INFO | Ejecutando Step 3 con pipeline: pipes/pipeline_3.pkl
2024-11-06 22:23:53 | process_logger | INFO | Cargando el pipeline: /app/pipes/pipeline_3.pkl
2024-11-06 22:23:53 | process_logger | INFO | Ejecutando Step 4 con pipeline: pipes/pipeline_4.pkl
2024-11-06 22:23:53 | process_logger | INFO | Cargando el pipeline: /app/pipes/pipeline_4.pkl
2024-11-06 22:23:53 | process_logger | INFO | Ejecutando Step 5 con pipeline: pipes/pipeline_5.pkl
2024-11-06 22:23:53 | process_logger | INFO | Cargando el pipeline: /app/pipes/pipeline_5.pkl
2024-11-06 22:24:03 | process_logger | INFO | Cargando el diccionario de imputaciones...
2024-11-06 22:24:03 | process_logger | INFO | Imputando valores nulos...
2024-11-06 22:24:03 | process_logger | INFO | Valores nulos imputados.
2024-11-06 22:24:03 | process_logger | INFO | Validando columnas y tipos...
2024-11-06 22:24:03 | process_logger | INFO | Realizando la predicción...
2024-11-06 22:24:03 | process_logger | INFO | Tipo de póliza no es 4, realizando predicción...
2024-11-06 22:24:03 | process_logger | INFO | Predicción: 2.949009122491966
2024-11-06 22:24:03 | process_logger | INFO | Predicción realizada para claim_id 528569 en 12.027s
2024-11-06 22:24:03 | process_logger | INFO | Solicitud recibida en /api/v1/predict/
2024-11-06 22:24:03 | process_logger | INFO | Cargando el modelo...
2024-11-06 22:24:03 | process_logger | INFO | Cargando el modelo desde: models/linear_regression.pkl
2024-11-06 22:24:03 | process_logger | INFO | Ejecutando el pipeline de transformación...
2024-11-06 22:24:03 | process_logger | INFO | Ejecutando Step 1 con pipeline: pipes/pipeline_1.pkl
2024-11-06 22:24:03 | process_logger | INFO | Cargando el pipeline: /app/pipes/pipeline_1.pkl
2024-11-06 22:24:03 | process_logger | INFO | Ejecutando Step 2 con pipeline: pipes/pipeline_2.pkl
2024-11-06 22:24:03 | process_logger | INFO | Cargando el pipeline: /app/pipes/pipeline_2.pkl
2024-11-06 22:24:05 | process_logger | INFO | Ejecutando Step 3 con pipeline: pipes/pipeline_3.pkl
2024-11-06 22:24:05 | process_logger | INFO | Cargando el pipeline: /app/pipes/pipeline_3.pkl
2024-11-06 22:24:05 | process_logger | INFO | Ejecutando Step 4 con pipeline: pipes/pipeline_4.pkl
2024-11-06 22:24:05 | process_logger | INFO | Cargando el pipeline: /app/pipes/pipeline_4.pkl
2024-11-06 22:24:05 | process_logger | INFO | Ejecutando Step 5 con pipeline: pipes/pipeline_5.pkl
2024-11-06 22:24:05 | process_logger | INFO | Cargando el pipeline: /app/pipes/pipeline_5.pkl
2024-11-06 22:24:15 | process_logger | INFO | Cargando el diccionario de imputaciones...
2024-11-06 22:24:15 | process_logger | INFO | Imputando valores nulos...
2024-11-06 22:24:15 | process_logger | INFO | Valores nulos imputados.
2024-11-06 22:24:15 | process_logger | INFO | Validando columnas y tipos...
2024-11-06 22:24:15 | process_logger | INFO | Realizando la predicción...
2024-11-06 22:24:15 | process_logger | INFO | Tipo de póliza es 4, devolviendo predicción -1
2024-11-06 22:24:15 | process_logger | INFO | Predicción realizada para claim_id 408550 en 12.0298s
2024-11-06 22:24:15 | process_logger | INFO | Solicitud recibida en /api/v1/predict/
2024-11-06 22:24:15 | process_logger | INFO | Cargando el modelo...
2024-11-06 22:24:15 | process_logger | INFO | Cargando el modelo desde: models/linear_regression.pkl
2024-11-06 22:24:15 | process_logger | INFO | Ejecutando el pipeline de transformación...
2024-11-06 22:24:15 | process_logger | INFO | Ejecutando Step 1 con pipeline: pipes/pipeline_1.pkl
2024-11-06 22:24:15 | process_logger | INFO | Cargando el pipeline: /app/pipes/pipeline_1.pkl
2024-11-06 22:24:15 | process_logger | INFO | Ejecutando Step 2 con pipeline: pipes/pipeline_2.pkl
2024-11-06 22:24:15 | process_logger | INFO | Cargando el pipeline: /app/pipes/pipeline_2.pkl
2024-11-06 22:24:17 | process_logger | INFO | Ejecutando Step 3 con pipeline: pipes/pipeline_3.pkl
2024-11-06 22:24:17 | process_logger | INFO | Cargando el pipeline: /app/pipes/pipeline_3.pkl
2024-11-06 22:24:17 | process_logger | INFO | Ejecutando Step 4 con pipeline: pipes/pipeline_4.pkl
2024-11-06 22:24:17 | process_logger | INFO | Cargando el pipeline: /app/pipes/pipeline_4.pkl
2024-11-06 22:24:17 | process_logger | INFO | Ejecutando Step 5 con pipeline: pipes/pipeline_5.pkl
2024-11-06 22:24:17 | process_logger | INFO | Cargando el pipeline: /app/pipes/pipeline_5.pkl
2024-11-06 22:24:27 | process_logger | INFO | Cargando el diccionario de imputaciones...
2024-11-06 22:24:27 | process_logger | INFO | Imputando valores nulos...
2024-11-06 22:24:27 | process_logger | INFO | Valores nulos imputados.
2024-11-06 22:24:27 | process_logger | INFO | Validando columnas y tipos...
2024-11-06 22:24:27 | process_logger | INFO | Realizando la predicción...
2024-11-06 22:24:27 | process_logger | INFO | Tipo de póliza no es 4, realizando predicción...
2024-11-06 22:24:27 | process_logger | INFO | Predicción: 6.165575820663672
2024-11-06 22:24:27 | process_logger | INFO | Predicción realizada para claim_id 208451 en 12.0382s
2024-11-06 22:24:27 | process_logger | INFO | Solicitud recibida en /api/v1/predict/
2024-11-06 22:24:27 | process_logger | INFO | Cargando el modelo...
2024-11-06 22:24:27 | process_logger | INFO | Cargando el modelo desde: models/linear_regression.pkl
2024-11-06 22:24:27 | process_logger | INFO | Ejecutando el pipeline de transformación...
2024-11-06 22:24:27 | process_logger | INFO | Ejecutando Step 1 con pipeline: pipes/pipeline_1.pkl
2024-11-06 22:24:27 | process_logger | INFO | Cargando el pipeline: /app/pipes/pipeline_1.pkl
2024-11-06 22:24:27 | process_logger | INFO | Ejecutando Step 2 con pipeline: pipes/pipeline_2.pkl
2024-11-06 22:24:27 | process_logger | INFO | Cargando el pipeline: /app/pipes/pipeline_2.pkl
2024-11-06 22:24:29 | process_logger | INFO | Ejecutando Step 3 con pipeline: pipes/pipeline_3.pkl
2024-11-06 22:24:29 | process_logger | INFO | Cargando el pipeline: /app/pipes/pipeline_3.pkl
2024-11-06 22:24:29 | process_logger | INFO | Ejecutando Step 4 con pipeline: pipes/pipeline_4.pkl
2024-11-06 22:24:29 | process_logger | INFO | Cargando el pipeline: /app/pipes/pipeline_4.pkl
2024-11-06 22:24:29 | process_logger | INFO | Ejecutando Step 5 con pipeline: pipes/pipeline_5.pkl
2024-11-06 22:24:29 | process_logger | INFO | Cargando el pipeline: /app/pipes/pipeline_5.pkl
2024-11-06 22:24:39 | process_logger | INFO | Cargando el diccionario de imputaciones...
2024-11-06 22:24:39 | process_logger | INFO | Imputando valores nulos...
2024-11-06 22:24:39 | process_logger | INFO | Valores nulos imputados.
2024-11-06 22:24:39 | process_logger | INFO | Validando columnas y tipos...
2024-11-06 22:24:39 | process_logger | INFO | Realizando la predicción...
2024-11-06 22:24:39 | process_logger | INFO | Tipo de póliza es 4, devolviendo predicción -1
2024-11-06 22:24:39 | process_logger | INFO | Predicción realizada para claim_id 394115 en 12.0337s
2024-11-06 22:24:39 | process_logger | INFO | Solicitud recibida en /api/v1/predict/
2024-11-06 22:24:39 | process_logger | INFO | Cargando el modelo...
2024-11-06 22:24:39 | process_logger | INFO | Cargando el modelo desde: models/linear_regression.pkl
2024-11-06 22:24:39 | process_logger | INFO | Ejecutando el pipeline de transformación...
2024-11-06 22:24:39 | process_logger | INFO | Ejecutando Step 1 con pipeline: pipes/pipeline_1.pkl
2024-11-06 22:24:39 | process_logger | INFO | Cargando el pipeline: /app/pipes/pipeline_1.pkl
2024-11-06 22:24:39 | process_logger | INFO | Ejecutando Step 2 con pipeline: pipes/pipeline_2.pkl
2024-11-06 22:24:39 | process_logger | INFO | Cargando el pipeline: /app/pipes/pipeline_2.pkl
2024-11-06 22:24:41 | process_logger | INFO | Ejecutando Step 3 con pipeline: pipes/pipeline_3.pkl
2024-11-06 22:24:41 | process_logger | INFO | Cargando el pipeline: /app/pipes/pipeline_3.pkl
2024-11-06 22:24:41 | process_logger | INFO | Ejecutando Step 4 con pipeline: pipes/pipeline_4.pkl
2024-11-06 22:24:41 | process_logger | INFO | Cargando el pipeline: /app/pipes/pipeline_4.pkl
2024-11-06 22:24:41 | process_logger | INFO | Ejecutando Step 5 con pipeline: pipes/pipeline_5.pkl
2024-11-06 22:24:41 | process_logger | INFO | Cargando el pipeline: /app/pipes/pipeline_5.pkl
2024-11-06 22:24:51 | process_logger | INFO | Cargando el diccionario de imputaciones...
2024-11-06 22:24:51 | process_logger | INFO | Imputando valores nulos...
2024-11-06 22:24:51 | process_logger | INFO | Valores nulos imputados.
2024-11-06 22:24:51 | process_logger | INFO | Validando columnas y tipos...
2024-11-06 22:24:51 | process_logger | INFO | Realizando la predicción...
2024-11-06 22:24:51 | process_logger | INFO | Tipo de póliza no es 4, realizando predicción...
2024-11-06 22:24:51 | process_logger | INFO | Predicción: 6.044710152812982
2024-11-06 22:24:51 | process_logger | INFO | Predicción realizada para claim_id 243530 en 12.0332s
2024-11-06 22:24:51 | process_logger | INFO | Solicitud recibida en /api/v1/predict/
2024-11-06 22:24:51 | process_logger | INFO | Cargando el modelo...
2024-11-06 22:24:51 | process_logger | INFO | Cargando el modelo desde: models/linear_regression.pkl
2024-11-06 22:24:51 | process_logger | INFO | Ejecutando el pipeline de transformación...
2024-11-06 22:24:51 | process_logger | INFO | Ejecutando Step 1 con pipeline: pipes/pipeline_1.pkl
2024-11-06 22:24:51 | process_logger | INFO | Cargando el pipeline: /app/pipes/pipeline_1.pkl
2024-11-06 22:24:51 | process_logger | INFO | Ejecutando Step 2 con pipeline: pipes/pipeline_2.pkl
2024-11-06 22:24:51 | process_logger | INFO | Cargando el pipeline: /app/pipes/pipeline_2.pkl
2024-11-06 22:24:53 | process_logger | INFO | Ejecutando Step 3 con pipeline: pipes/pipeline_3.pkl
2024-11-06 22:24:53 | process_logger | INFO | Cargando el pipeline: /app/pipes/pipeline_3.pkl
2024-11-06 22:24:53 | process_logger | INFO | Ejecutando Step 4 con pipeline: pipes/pipeline_4.pkl
2024-11-06 22:24:53 | process_logger | INFO | Cargando el pipeline: /app/pipes/pipeline_4.pkl
2024-11-06 22:24:53 | process_logger | INFO | Ejecutando Step 5 con pipeline: pipes/pipeline_5.pkl
2024-11-06 22:24:53 | process_logger | INFO | Cargando el pipeline: /app/pipes/pipeline_5.pkl
2024-11-06 22:25:03 | process_logger | INFO | Cargando el diccionario de imputaciones...
2024-11-06 22:25:03 | process_logger | INFO | Imputando valores nulos...
2024-11-06 22:25:04 | process_logger | INFO | Valores nulos imputados.
2024-11-06 22:25:04 | process_logger | INFO | Validando columnas y tipos...
2024-11-06 22:25:04 | process_logger | INFO | Realizando la predicción...
2024-11-06 22:25:04 | process_logger | INFO | Tipo de póliza no es 4, realizando predicción...
2024-11-06 22:25:04 | process_logger | INFO | Predicción: 5.755813438598005
2024-11-06 22:25:04 | process_logger | INFO | Predicción realizada para claim_id 288203 en 12.0221s
2024-11-06 22:25:04 | process_logger | INFO | Solicitud recibida en /api/v1/predict/
2024-11-06 22:25:04 | process_logger | INFO | Cargando el modelo...
2024-11-06 22:25:04 | process_logger | INFO | Cargando el modelo desde: models/linear_regression.pkl
2024-11-06 22:25:04 | process_logger | INFO | Ejecutando el pipeline de transformación...
2024-11-06 22:25:04 | process_logger | INFO | Ejecutando Step 1 con pipeline: pipes/pipeline_1.pkl
2024-11-06 22:25:04 | process_logger | INFO | Cargando el pipeline: /app/pipes/pipeline_1.pkl
2024-11-06 22:25:04 | process_logger | INFO | Ejecutando Step 2 con pipeline: pipes/pipeline_2.pkl
2024-11-06 22:25:04 | process_logger | INFO | Cargando el pipeline: /app/pipes/pipeline_2.pkl
2024-11-06 22:25:06 | process_logger | INFO | Ejecutando Step 3 con pipeline: pipes/pipeline_3.pkl
2024-11-06 22:25:06 | process_logger | INFO | Cargando el pipeline: /app/pipes/pipeline_3.pkl
2024-11-06 22:25:06 | process_logger | INFO | Ejecutando Step 4 con pipeline: pipes/pipeline_4.pkl
2024-11-06 22:25:06 | process_logger | INFO | Cargando el pipeline: /app/pipes/pipeline_4.pkl
2024-11-06 22:25:06 | process_logger | INFO | Ejecutando Step 5 con pipeline: pipes/pipeline_5.pkl
2024-11-06 22:25:06 | process_logger | INFO | Cargando el pipeline: /app/pipes/pipeline_5.pkl
2024-11-06 22:25:16 | process_logger | INFO | Cargando el diccionario de imputaciones...
2024-11-06 22:25:16 | process_logger | INFO | Imputando valores nulos...
2024-11-06 22:25:16 | process_logger | INFO | Valores nulos imputados.
2024-11-06 22:25:16 | process_logger | INFO | Validando columnas y tipos...
2024-11-06 22:25:16 | process_logger | INFO | Realizando la predicción...
2024-11-06 22:25:16 | process_logger | INFO | Tipo de póliza no es 4, realizando predicción...
2024-11-06 22:25:16 | process_logger | INFO | Predicción: 4.817652487515653
2024-11-06 22:25:16 | process_logger | INFO | Predicción realizada para claim_id 991981 en 12.0326s
2024-11-06 22:25:16 | process_logger | INFO | Solicitud recibida en /api/v1/predict/
2024-11-06 22:25:16 | process_logger | INFO | Cargando el modelo...
2024-11-06 22:25:16 | process_logger | INFO | Cargando el modelo desde: models/linear_regression.pkl
2024-11-06 22:25:16 | process_logger | INFO | Ejecutando el pipeline de transformación...
2024-11-06 22:25:16 | process_logger | INFO | Ejecutando Step 1 con pipeline: pipes/pipeline_1.pkl
2024-11-06 22:25:16 | process_logger | INFO | Cargando el pipeline: /app/pipes/pipeline_1.pkl
2024-11-06 22:25:16 | process_logger | INFO | Ejecutando Step 2 con pipeline: pipes/pipeline_2.pkl
2024-11-06 22:25:16 | process_logger | INFO | Cargando el pipeline: /app/pipes/pipeline_2.pkl
2024-11-06 22:25:18 | process_logger | INFO | Ejecutando Step 3 con pipeline: pipes/pipeline_3.pkl
2024-11-06 22:25:18 | process_logger | INFO | Cargando el pipeline: /app/pipes/pipeline_3.pkl
2024-11-06 22:25:18 | process_logger | INFO | Ejecutando Step 4 con pipeline: pipes/pipeline_4.pkl
2024-11-06 22:25:18 | process_logger | INFO | Cargando el pipeline: /app/pipes/pipeline_4.pkl
2024-11-06 22:25:18 | process_logger | INFO | Ejecutando Step 5 con pipeline: pipes/pipeline_5.pkl
2024-11-06 22:25:18 | process_logger | INFO | Cargando el pipeline: /app/pipes/pipeline_5.pkl
2024-11-06 22:25:28 | process_logger | INFO | Cargando el diccionario de imputaciones...
2024-11-06 22:25:28 | process_logger | INFO | Imputando valores nulos...
2024-11-06 22:25:28 | process_logger | INFO | Valores nulos imputados.
2024-11-06 22:25:28 | process_logger | INFO | Validando columnas y tipos...
2024-11-06 22:25:28 | process_logger | INFO | Realizando la predicción...
2024-11-06 22:25:28 | process_logger | INFO | Tipo de póliza no es 4, realizando predicción...
2024-11-06 22:25:28 | process_logger | INFO | Predicción: 4.9815699930677315
2024-11-06 22:25:28 | process_logger | INFO | Predicción realizada para claim_id 435094 en 12.0327s
2024-11-06 22:25:28 | process_logger | INFO | Solicitud recibida en /api/v1/predict/
2024-11-06 22:25:28 | process_logger | INFO | Cargando el modelo...
2024-11-06 22:25:28 | process_logger | INFO | Cargando el modelo desde: models/linear_regression.pkl
2024-11-06 22:25:28 | process_logger | INFO | Ejecutando el pipeline de transformación...
2024-11-06 22:25:28 | process_logger | INFO | Ejecutando Step 1 con pipeline: pipes/pipeline_1.pkl
2024-11-06 22:25:28 | process_logger | INFO | Cargando el pipeline: /app/pipes/pipeline_1.pkl
2024-11-06 22:25:28 | process_logger | INFO | Ejecutando Step 2 con pipeline: pipes/pipeline_2.pkl
2024-11-06 22:25:28 | process_logger | INFO | Cargando el pipeline: /app/pipes/pipeline_2.pkl
2024-11-06 22:25:30 | process_logger | INFO | Ejecutando Step 3 con pipeline: pipes/pipeline_3.pkl
2024-11-06 22:25:30 | process_logger | INFO | Cargando el pipeline: /app/pipes/pipeline_3.pkl
2024-11-06 22:25:30 | process_logger | INFO | Ejecutando Step 4 con pipeline: pipes/pipeline_4.pkl
2024-11-06 22:25:30 | process_logger | INFO | Cargando el pipeline: /app/pipes/pipeline_4.pkl
2024-11-06 22:25:30 | process_logger | INFO | Ejecutando Step 5 con pipeline: pipes/pipeline_5.pkl
2024-11-06 22:25:30 | process_logger | INFO | Cargando el pipeline: /app/pipes/pipeline_5.pkl
2024-11-06 22:25:40 | process_logger | INFO | Cargando el diccionario de imputaciones...
2024-11-06 22:25:40 | process_logger | INFO | Imputando valores nulos...
2024-11-06 22:25:40 | process_logger | INFO | Valores nulos imputados.
2024-11-06 22:25:40 | process_logger | INFO | Validando columnas y tipos...
2024-11-06 22:25:40 | process_logger | INFO | Realizando la predicción...
2024-11-06 22:25:40 | process_logger | INFO | Tipo de póliza no es 4, realizando predicción...
2024-11-06 22:25:40 | process_logger | INFO | Predicción: 3.2315036114105764
2024-11-06 22:25:40 | process_logger | INFO | Predicción realizada para claim_id 417848 en 12.0287s
